#
# A fatal error has been detected by the Java Runtime Environment:
#
#  SIGSEGV (0xb) at pc=0x000000013c5f6663, pid=2624, tid=775
#
# JRE version: Java(TM) SE Runtime Environment (8.0_51-b16) (build 1.8.0_51-b16)
# Java VM: Java HotSpot(TM) 64-Bit Server VM (25.51-b03 mixed mode bsd-amd64 compressed oops)
# Problematic frame:
# C  [libjfxwebkit.dylib+0x938663]  Java_com_sun_webkit_PopupMenu_twkPopupClosed+0x6253
#
# Failed to write core dump. Core dumps have been disabled. To enable core dumping, try "ulimit -c unlimited" before starting Java again
#
# If you would like to submit a bug report, please visit:
#   http://bugreport.java.com/bugreport/crash.jsp
#

---------------  T H R E A D  ---------------

Current thread is native thread

siginfo: si_signo: 11 (SIGSEGV), si_code: 1 (SEGV_MAPERR), si_addr: 0x0000000000000000

Registers:
RAX=0x00007ffeeae52ce0, RBX=0x00007ff613abd438, RCX=0x00007ffeeae52cb4, RDX=0x00007ff60fc37048
RSP=0x00007ffeeae52c00, RBP=0x00007ffeeae52cd0, RSI=0x00007ff610ab6d20, RDI=0x0000000000000000
R8 =0x0000000000000fff, R9 =0x00007ff614cf1000, R10=0x00007ff614cf0000, R11=0x0000000000000006
R12=0x00007ff613abd400, R13=0x0000000127368f78, R14=0x0000000000000000, R15=0x0000000000000000
RIP=0x000000013c5f6663, EFLAGS=0x0000000000010246, ERR=0x0000000000000004
  TRAPNO=0x000000000000000e

Top of Stack: (sp=0x00007ffeeae52c00)
0x00007ffeeae52c00:   0000000000000000 0000000000000000
0x00007ffeeae52c10:   0000000000000000 00007ffeeae52cb4
0x00007ffeeae52c20:   0000000000000fff 00007ff614cf1000
0x00007ffeeae52c30:   0000828300000001 0000000000009c24
0x00007ffeeae52c40:   0000000200000004 0000004000000002
0x00007ffeeae52c50:   0000000000000000 0000000000030000
0x00007ffeeae52c60:   00000002005a0000 0000ea000000b000
0x00007ffeeae52c70:   00007ffeeae52ca0 0000000106317c11
0x00007ffeeae52c80:   00000000000143fc 0000000000010002
0x00007ffeeae52c90:   00007ffeeae52ce8 0000000106807848
0x00007ffeeae52ca0:   00007ffeeae52cd0 0000000106315b17
0x00007ffeeae52cb0:   fffffffe00000001 0000003000000018
0x00007ffeeae52cc0:   00007ffeeae52ce0 00007ffeeae52c00
0x00007ffeeae52cd0:   00007ffeeae52d00 000000013c5b27e6
0x00007ffeeae52ce0:   00007ff60a8724b0 0000000000000000
0x00007ffeeae52cf0:   00007ff613abd438 0000000000000000
0x00007ffeeae52d00:   00007ffeeae52d50 000000013c59888c
0x00007ffeeae52d10:   00007ff614e7c120 000000075bdf6758
0x00007ffeeae52d20:   00007ff60fc45d70 00007ff614cf02b0
0x00007ffeeae52d30:   00007ff613abd400 0000000127368f78
0x00007ffeeae52d40:   0000000000000000 0000000000000000
0x00007ffeeae52d50:   00007ffeeae52d90 000000013c595de7
0x00007ffeeae52d60:   00007ffeeae52df0 00007fff5bdf6758
0x00007ffeeae52d70:   0000000104dc8000 00000000ffffffff
0x00007ffeeae52d80:   00007ff614cf0580 00007ff614cf02b0
0x00007ffeeae52d90:   00007ffeeae52dc0 000000013c58ba55
0x00007ffeeae52da0:   00007ff614cf02b0 00007ff612a78348
0x00007ffeeae52db0:   00007ff614cf0240 000000000000000b
0x00007ffeeae52dc0:   00007ffeeae52de0 000000013c721107
0x00007ffeeae52dd0:   00007ff614cf02b0 00007ff614cf0240
0x00007ffeeae52de0:   00007ffeeae52e00 000000013c7981cd
0x00007ffeeae52df0:   00007ff614cf0240 00007ff614cf0520 

Instructions: (pc=0x000000013c5f6663)
0x000000013c5f6643:   8d 85 30 ff ff ff 48 89 45 f8 48 8d 45 10 48 89
0x000000013c5f6653:   45 f0 c7 45 ec 30 00 00 00 c7 45 e8 18 00 00 00
0x000000013c5f6663:   48 8b 07 48 8d 4d e8 ff 90 90 01 00 00 48 81 c4
0x000000013c5f6673:   d0 00 00 00 5d c3 90 90 90 90 90 90 90 55 48 89 

Register to memory mapping:

RAX=0x00007ffeeae52ce0 is an unknown value
RBX=0x00007ff613abd438 is an unknown value
RCX=0x00007ffeeae52cb4 is an unknown value
RDX=0x00007ff60fc37048 is an unknown value
RSP=0x00007ffeeae52c00 is an unknown value
RBP=0x00007ffeeae52cd0 is an unknown value
RSI=0x00007ff610ab6d20 is a global jni handle
RDI=0x0000000000000000 is an unknown value
R8 =0x0000000000000fff is an unknown value
R9 =0x00007ff614cf1000 is an unknown value
R10=0x00007ff614cf0000 is an unknown value
R11=0x0000000000000006 is an unknown value
R12=0x00007ff613abd400 is an unknown value
R13=0x0000000127368f78 is an unknown value
R14=0x0000000000000000 is an unknown value
R15=0x0000000000000000 is an unknown value


Stack: [0x00007ffeea657000,0x00007ffeeae57000],  sp=0x00007ffeeae52c00,  free space=8175k
Native frames: (J=compiled Java code, j=interpreted, Vv=VM code, C=native code)
C  [libjfxwebkit.dylib+0x938663]  Java_com_sun_webkit_PopupMenu_twkPopupClosed+0x6253
C  [libjfxwebkit.dylib+0x8f47e6]  Java_com_sun_webkit_graphics_WCGraphicsManager_append+0x906
C  [libjfxwebkit.dylib+0x8da88c]  Java_com_sun_webkit_dom_EventListenerImpl_twkDispatchEvent+0x51b8ec
C  [libjfxwebkit.dylib+0x8d7de7]  Java_com_sun_webkit_dom_EventListenerImpl_twkDispatchEvent+0x518e47
C  [libjfxwebkit.dylib+0x8cda55]  Java_com_sun_webkit_dom_EventListenerImpl_twkDispatchEvent+0x50eab5
C  [libjfxwebkit.dylib+0xa63107]  Java_com_sun_webkit_network_URLLoader_twkWillSendRequest+0x10eb97
C  [libjfxwebkit.dylib+0xada1cd]  Java_com_sun_webkit_network_URLLoader_twkWillSendRequest+0x185c5d
C  [libjfxwebkit.dylib+0x4f32b7]  Java_com_sun_webkit_dom_EventListenerImpl_twkDispatchEvent+0x134317
C  [libjfxwebkit.dylib+0x4f156e]  Java_com_sun_webkit_dom_EventListenerImpl_twkDispatchEvent+0x1325ce
C  [libjfxwebkit.dylib+0x51b82b]  Java_com_sun_webkit_dom_EventListenerImpl_twkDispatchEvent+0x15c88b
C  [libjfxwebkit.dylib+0x516cd0]  Java_com_sun_webkit_dom_EventListenerImpl_twkDispatchEvent+0x157d30
C  [libjfxwebkit.dylib+0x542031]  Java_com_sun_webkit_dom_EventListenerImpl_twkDispatchEvent+0x183091
C  [libjfxwebkit.dylib+0x4aec86]  Java_com_sun_webkit_dom_EventListenerImpl_twkDispatchEvent+0xefce6
C  [libjfxwebkit.dylib+0x5b9ec0]  Java_com_sun_webkit_dom_EventListenerImpl_twkDispatchEvent+0x1faf20
C  [libjfxwebkit.dylib+0x6dcce1]  Java_com_sun_webkit_dom_EventListenerImpl_twkDispatchEvent+0x31dd41
C  [libjfxwebkit.dylib+0x533826]  Java_com_sun_webkit_dom_EventListenerImpl_twkDispatchEvent+0x174886
C  [libjfxwebkit.dylib+0x54893b]  Java_com_sun_webkit_dom_EventListenerImpl_twkDispatchEvent+0x18999b
C  [libjfxwebkit.dylib+0x58e882]  Java_com_sun_webkit_dom_EventListenerImpl_twkDispatchEvent+0x1cf8e2
C  [libjfxwebkit.dylib+0x3eb59a]  Java_com_sun_webkit_dom_EventListenerImpl_twkDispatchEvent+0x2c5fa
C  [libjfxwebkit.dylib+0xde944f]  JSValueIsObjectOfClass+0x5088f
C  [libjfxwebkit.dylib+0xde9958]  JSValueIsObjectOfClass+0x50d98
C  [libjfxwebkit.dylib+0xdf2816]  JSValueIsObjectOfClass+0x59c56
C  [libjfxwebkit.dylib+0xdf00e2]  JSValueIsObjectOfClass+0x57522
C  [libjfxwebkit.dylib+0xdefb59]  JSValueIsObjectOfClass+0x56f99
C  [CoreFoundation+0x8ebb4]  __CFRUNLOOP_IS_CALLING_OUT_TO_A_TIMER_CALLBACK_FUNCTION__+0x14
C  [CoreFoundation+0x8e827]  __CFRunLoopDoTimer+0x447
C  [CoreFoundation+0x8e32a]  __CFRunLoopDoTimers+0x15a
C  [CoreFoundation+0x8592b]  __CFRunLoopRun+0x97b
C  [CoreFoundation+0x84d23]  CFRunLoopRunSpecific+0x1e3
C  [java+0x6463]  CreateExecutionEnvironment+0x367
C  [java+0x21ac]  JLI_Launch+0x7a0
C  [java+0x84c0]  main+0x65
C  [java+0x1a04]  start+0x34


---------------  P R O C E S S  ---------------

VM state:not at safepoint (normal execution)

VM Mutex/Monitor currently owned by a thread: None

Heap:
 PSYoungGen      total 488960K, used 80721K [0x000000076ab00000, 0x000000078c300000, 0x00000007c0000000)
  eden space 449536K, 9% used [0x000000076ab00000,0x000000076d359ec0,0x0000000786200000)
  from space 39424K, 99% used [0x0000000789000000,0x000000078b67a870,0x000000078b680000)
  to   space 47104K, 0% used [0x0000000786200000,0x0000000786200000,0x0000000789000000)
 ParOldGen       total 163328K, used 66690K [0x00000006c0000000, 0x00000006c9f80000, 0x000000076ab00000)
  object space 163328K, 40% used [0x00000006c0000000,0x00000006c4120aa0,0x00000006c9f80000)
 Metaspace       used 40086K, capacity 41754K, committed 41944K, reserved 1085440K
  class space    used 5236K, capacity 5556K, committed 5632K, reserved 1048576K

Card table byte_map: [0x0000000107329000,0x0000000107b2a000] byte_map_base: 0x0000000103d29000

Marking Bits: (ParMarkBitMap*) 0x00000001068c27a0
 Begin Bits: [0x000000011cac0000, 0x0000000120ac0000)
 End Bits:   [0x0000000120ac0000, 0x0000000124ac0000)

Polling page: 0x0000000104e5f000

CodeCache: size=245760Kb used=24447Kb max_used=24886Kb free=221312Kb
 bounds [0x000000010dac0000, 0x000000010f330000, 0x000000011cac0000]
 total_blobs=8422 nmethods=7533 adapters=799
 compilation: enabled

Compilation events (10 events):
Event: 96.902 Thread 0x00007ff60b822800 nmethod 9068 0x000000010e2d61d0 code [0x000000010e2d63a0, 0x000000010e2d6fc8]
Event: 96.902 Thread 0x00007ff60b822800 9069       3       java.lang.invoke.LambdaForm$BMH/2093631819::reinvoke (83 bytes)
Event: 96.902 Thread 0x00007ff60b822800 nmethod 9069 0x000000010eaed610 code [0x000000010eaed800, 0x000000010eaee5e8]
Event: 96.902 Thread 0x00007ff60b822800 9070       3       java.lang.invoke.LambdaMetafactory::metafactory (35 bytes)
Event: 96.902 Thread 0x00007ff60b822800 nmethod 9070 0x000000010ecf42d0 code [0x000000010ecf4460, 0x000000010ecf4768]
Event: 96.905 Thread 0x00007ff60b818000 nmethod 9067 0x000000010e34fc10 code [0x000000010e34fde0, 0x000000010e350638]
Event: 96.912 Thread 0x00007ff60b822000 9071       4       java.util.concurrent.locks.AbstractQueuedSynchronizer::release (33 bytes)
Event: 96.914 Thread 0x00007ff60b822000 nmethod 9071 0x000000010e63b150 code [0x000000010e63b2a0, 0x000000010e63b428]
Event: 96.914 Thread 0x00007ff60b822800 9072       3       java.util.concurrent.atomic.AtomicInteger::decrementAndGet (14 bytes)
Event: 96.914 Thread 0x00007ff60b822800 nmethod 9072 0x000000010ecad450 code [0x000000010ecad5a0, 0x000000010ecad6f0]

GC Heap History (10 events):
Event: 42.410 GC heap before
{Heap before GC invocations=6 (full 1):
 PSYoungGen      total 135168K, used 135146K [0x000000076ab00000, 0x0000000774000000, 0x00000007c0000000)
  eden space 124416K, 100% used [0x000000076ab00000,0x0000000772480000,0x0000000772480000)
  from space 10752K, 99% used [0x0000000773580000,0x0000000773ffaaa0,0x0000000774000000)
  to   space 10752K, 0% used [0x0000000772b00000,0x0000000772b00000,0x0000000773580000)
 ParOldGen       total 137728K, used 38815K [0x00000006c0000000, 0x00000006c8680000, 0x000000076ab00000)
  object space 137728K, 28% used [0x00000006c0000000,0x00000006c25e7c58,0x00000006c8680000)
 Metaspace       used 29351K, capacity 30772K, committed 31104K, reserved 1075200K
  class space    used 4092K, capacity 4379K, committed 4480K, reserved 1048576K
Event: 42.430 GC heap after
Heap after GC invocations=6 (full 1):
 PSYoungGen      total 141824K, used 10730K [0x000000076ab00000, 0x000000077d880000, 0x00000007c0000000)
  eden space 131072K, 0% used [0x000000076ab00000,0x000000076ab00000,0x0000000772b00000)
  from space 10752K, 99% used [0x0000000772b00000,0x000000077357aaa0,0x0000000773580000)
  to   space 37888K, 0% used [0x000000077b380000,0x000000077b380000,0x000000077d880000)
 ParOldGen       total 137728K, used 51649K [0x00000006c0000000, 0x00000006c8680000, 0x000000076ab00000)
  object space 137728K, 37% used [0x00000006c0000000,0x00000006c3270588,0x00000006c8680000)
 Metaspace       used 29351K, capacity 30772K, committed 31104K, reserved 1075200K
  class space    used 4092K, capacity 4379K, committed 4480K, reserved 1048576K
}
Event: 42.529 GC heap before
{Heap before GC invocations=7 (full 1):
 PSYoungGen      total 141824K, used 141802K [0x000000076ab00000, 0x000000077d880000, 0x00000007c0000000)
  eden space 131072K, 100% used [0x000000076ab00000,0x0000000772b00000,0x0000000772b00000)
  from space 10752K, 99% used [0x0000000772b00000,0x000000077357aaa0,0x0000000773580000)
  to   space 37888K, 0% used [0x000000077b380000,0x000000077b380000,0x000000077d880000)
 ParOldGen       total 137728K, used 51649K [0x00000006c0000000, 0x00000006c8680000, 0x000000076ab00000)
  object space 137728K, 37% used [0x00000006c0000000,0x00000006c3270588,0x00000006c8680000)
 Metaspace       used 29355K, capacity 30772K, committed 31104K, reserved 1075200K
  class space    used 4092K, capacity 4379K, committed 4480K, reserved 1048576K
Event: 42.544 GC heap after
Heap after GC invocations=7 (full 1):
 PSYoungGen      total 273920K, used 18040K [0x000000076ab00000, 0x000000077e900000, 0x00000007c0000000)
  eden space 236032K, 0% used [0x000000076ab00000,0x000000076ab00000,0x0000000779180000)
  from space 37888K, 47% used [0x000000077b380000,0x000000077c51e020,0x000000077d880000)
  to   space 34816K, 0% used [0x0000000779180000,0x0000000779180000,0x000000077b380000)
 ParOldGen       total 137728K, used 51649K [0x00000006c0000000, 0x00000006c8680000, 0x000000076ab00000)
  object space 137728K, 37% used [0x00000006c0000000,0x00000006c3270588,0x00000006c8680000)
 Metaspace       used 29355K, capacity 30772K, committed 31104K, reserved 1075200K
  class space    used 4092K, capacity 4379K, committed 4480K, reserved 1048576K
}
Event: 50.685 GC heap before
{Heap before GC invocations=8 (full 1):
 PSYoungGen      total 273920K, used 107006K [0x000000076ab00000, 0x000000077e900000, 0x00000007c0000000)
  eden space 236032K, 37% used [0x000000076ab00000,0x00000007701e1938,0x0000000779180000)
  from space 37888K, 47% used [0x000000077b380000,0x000000077c51e020,0x000000077d880000)
  to   space 34816K, 0% used [0x0000000779180000,0x0000000779180000,0x000000077b380000)
 ParOldGen       total 137728K, used 51649K [0x00000006c0000000, 0x00000006c8680000, 0x000000076ab00000)
  object space 137728K, 37% used [0x00000006c0000000,0x00000006c3270588,0x00000006c8680000)
 Metaspace       used 33812K, capacity 35324K, committed 35416K, reserved 1079296K
  class space    used 4638K, capacity 4915K, committed 4992K, reserved 1048576K
Event: 50.702 GC heap after
Heap after GC invocations=8 (full 1):
 PSYoungGen      total 270848K, used 32339K [0x000000076ab00000, 0x000000078b680000, 0x00000007c0000000)
  eden space 236032K, 0% used [0x000000076ab00000,0x000000076ab00000,0x0000000779180000)
  from space 34816K, 92% used [0x0000000779180000,0x000000077b114ea8,0x000000077b380000)
  to   space 39424K, 0% used [0x0000000789000000,0x0000000789000000,0x000000078b680000)
 ParOldGen       total 137728K, used 51657K [0x00000006c0000000, 0x00000006c8680000, 0x000000076ab00000)
  object space 137728K, 37% used [0x00000006c0000000,0x00000006c3272588,0x00000006c8680000)
 Metaspace       used 33812K, capacity 35324K, committed 35416K, reserved 1079296K
  class space    used 4638K, capacity 4915K, committed 4992K, reserved 1048576K
}
Event: 50.702 GC heap before
{Heap before GC invocations=9 (full 2):
 PSYoungGen      total 270848K, used 32339K [0x000000076ab00000, 0x000000078b680000, 0x00000007c0000000)
  eden space 236032K, 0% used [0x000000076ab00000,0x000000076ab00000,0x0000000779180000)
  from space 34816K, 92% used [0x0000000779180000,0x000000077b114ea8,0x000000077b380000)
  to   space 39424K, 0% used [0x0000000789000000,0x0000000789000000,0x000000078b680000)
 ParOldGen       total 137728K, used 51657K [0x00000006c0000000, 0x00000006c8680000, 0x000000076ab00000)
  object space 137728K, 37% used [0x00000006c0000000,0x00000006c3272588,0x00000006c8680000)
 Metaspace       used 33812K, capacity 35324K, committed 35416K, reserved 1079296K
  class space    used 4638K, capacity 4915K, committed 4992K, reserved 1048576K
Event: 50.767 GC heap after
Heap after GC invocations=9 (full 2):
 PSYoungGen      total 270848K, used 0K [0x000000076ab00000, 0x000000078b680000, 0x00000007c0000000)
  eden space 236032K, 0% used [0x000000076ab00000,0x000000076ab00000,0x0000000779180000)
  from space 34816K, 0% used [0x0000000779180000,0x0000000779180000,0x000000077b380000)
  to   space 39424K, 0% used [0x0000000789000000,0x0000000789000000,0x000000078b680000)
 ParOldGen       total 163328K, used 62555K [0x00000006c0000000, 0x00000006c9f80000, 0x000000076ab00000)
  object space 163328K, 38% used [0x00000006c0000000,0x00000006c3d16dd8,0x00000006c9f80000)
 Metaspace       used 33812K, capacity 35324K, committed 35416K, reserved 1079296K
  class space    used 4638K, capacity 4915K, committed 4992K, reserved 1048576K
}
Event: 96.828 GC heap before
{Heap before GC invocations=10 (full 2):
 PSYoungGen      total 270848K, used 236032K [0x000000076ab00000, 0x000000078b680000, 0x00000007c0000000)
  eden space 236032K, 100% used [0x000000076ab00000,0x0000000779180000,0x0000000779180000)
  from space 34816K, 0% used [0x0000000779180000,0x0000000779180000,0x000000077b380000)
  to   space 39424K, 0% used [0x0000000789000000,0x0000000789000000,0x000000078b680000)
 ParOldGen       total 163328K, used 62555K [0x00000006c0000000, 0x00000006c9f80000, 0x000000076ab00000)
  object space 163328K, 38% used [0x00000006c0000000,0x00000006c3d16dd8,0x00000006c9f80000)
 Metaspace       used 39257K, capacity 40888K, committed 41048K, reserved 1085440K
  class space    used 5118K, capacity 5421K, committed 5504K, reserved 1048576K
Event: 96.858 GC heap after
Heap after GC invocations=10 (full 2):
 PSYoungGen      total 488960K, used 39402K [0x000000076ab00000, 0x000000078c300000, 0x00000007c0000000)
  eden space 449536K, 0% used [0x000000076ab00000,0x000000076ab00000,0x0000000786200000)
  from space 39424K, 99% used [0x0000000789000000,0x000000078b67a870,0x000000078b680000)
  to   space 47104K, 0% used [0x0000000786200000,0x0000000786200000,0x0000000789000000)
 ParOldGen       total 163328K, used 66690K [0x00000006c0000000, 0x00000006c9f80000, 0x000000076ab00000)
  object space 163328K, 40% used [0x00000006c0000000,0x00000006c4120aa0,0x00000006c9f80000)
 Metaspace       used 39257K, capacity 40888K, committed 41048K, reserved 1085440K
  class space    used 5118K, capacity 5421K, committed 5504K, reserved 1048576K
}

Deoptimization events (10 events):
Event: 96.877 Thread 0x00007ff60b904800 Uncommon trap: reason=bimorphic action=maybe_recompile pc=0x000000010e6f27b0 method=java.util.concurrent.locks.AbstractQueuedSynchronizer.release(I)Z @ 2
Event: 96.878 Thread 0x00007ff60b904800 Uncommon trap: reason=bimorphic action=maybe_recompile pc=0x000000010e6f27b0 method=java.util.concurrent.locks.AbstractQueuedSynchronizer.release(I)Z @ 2
Event: 96.887 Thread 0x00007ff60b904800 Uncommon trap: reason=array_check action=maybe_recompile pc=0x000000010e4800ec method=java.util.TimSort.binarySort([Ljava/lang/Object;IIILjava/util/Comparator;)V @ 215
Event: 96.889 Thread 0x00007ff60b904800 Uncommon trap: reason=array_check action=maybe_recompile pc=0x000000010e4802d4 method=java.util.TimSort.binarySort([Ljava/lang/Object;IIILjava/util/Comparator;)V @ 183
Event: 96.889 Thread 0x00007ff60b904800 Uncommon trap: reason=array_check action=maybe_recompile pc=0x000000010e4801e0 method=java.util.TimSort.binarySort([Ljava/lang/Object;IIILjava/util/Comparator;)V @ 193
Event: 96.890 Thread 0x00007ff60b904800 Uncommon trap: reason=array_check action=maybe_recompile pc=0x000000010e4801e0 method=java.util.TimSort.binarySort([Ljava/lang/Object;IIILjava/util/Comparator;)V @ 193
Event: 96.909 Thread 0x00007ff60b904800 Uncommon trap: reason=class_check action=maybe_recompile pc=0x000000010ea6de10 method=java.util.HashMap.removeNode(ILjava/lang/Object;Ljava/lang/Object;ZZ)Ljava/util/HashMap$Node; @ 68
Event: 96.910 Thread 0x00007ff60b904800 Uncommon trap: reason=class_check action=maybe_recompile pc=0x000000010ea6de10 method=java.util.HashMap.removeNode(ILjava/lang/Object;Ljava/lang/Object;ZZ)Ljava/util/HashMap$Node; @ 68
Event: 96.910 Thread 0x00007ff60b904800 Uncommon trap: reason=class_check action=maybe_recompile pc=0x000000010ea6de10 method=java.util.HashMap.removeNode(ILjava/lang/Object;Ljava/lang/Object;ZZ)Ljava/util/HashMap$Node; @ 68
Event: 96.911 Thread 0x00007ff60b904800 Uncommon trap: reason=class_check action=maybe_recompile pc=0x000000010ea6de10 method=java.util.HashMap.removeNode(ILjava/lang/Object;Ljava/lang/Object;ZZ)Ljava/util/HashMap$Node; @ 68

Internal exceptions (10 events):
Event: 90.322 Thread 0x00007ff60b275800 Exception <a 'java/net/SocketTimeoutException': Receive timed out> (0x000000076e5d0510) thrown at [/Users/java_re/workspace/8-2-build-macosx-x86_64/jdk8u51/3951/hotspot/src/share/vm/prims/jni.cpp, line 735]
Event: 91.322 Thread 0x00007ff60b275800 Exception <a 'java/net/SocketTimeoutException': Receive timed out> (0x000000076e5d0718) thrown at [/Users/java_re/workspace/8-2-build-macosx-x86_64/jdk8u51/3951/hotspot/src/share/vm/prims/jni.cpp, line 735]
Event: 92.322 Thread 0x00007ff60b275800 Exception <a 'java/net/SocketTimeoutException': Receive timed out> (0x000000076e5d0920) thrown at [/Users/java_re/workspace/8-2-build-macosx-x86_64/jdk8u51/3951/hotspot/src/share/vm/prims/jni.cpp, line 735]
Event: 92.654 Thread 0x00007ff60b904800 Exception <a 'java/io/FileNotFoundException'> (0x0000000777055870) thrown at [/Users/java_re/workspace/8-2-build-macosx-x86_64/jdk8u51/3951/hotspot/src/share/vm/prims/jni.cpp, line 709]
Event: 93.323 Thread 0x00007ff60b275800 Exception <a 'java/net/SocketTimeoutException': Receive timed out> (0x000000076e5d0b28) thrown at [/Users/java_re/workspace/8-2-build-macosx-x86_64/jdk8u51/3951/hotspot/src/share/vm/prims/jni.cpp, line 735]
Event: 94.323 Thread 0x00007ff60b275800 Exception <a 'java/net/SocketTimeoutException': Receive timed out> (0x000000076e5d0d30) thrown at [/Users/java_re/workspace/8-2-build-macosx-x86_64/jdk8u51/3951/hotspot/src/share/vm/prims/jni.cpp, line 735]
Event: 95.326 Thread 0x00007ff60b275800 Exception <a 'java/net/SocketTimeoutException': Receive timed out> (0x000000076e5d0f38) thrown at [/Users/java_re/workspace/8-2-build-macosx-x86_64/jdk8u51/3951/hotspot/src/share/vm/prims/jni.cpp, line 735]
Event: 96.329 Thread 0x00007ff60b275800 Exception <a 'java/net/SocketTimeoutException': Receive timed out> (0x000000076e5d1140) thrown at [/Users/java_re/workspace/8-2-build-macosx-x86_64/jdk8u51/3951/hotspot/src/share/vm/prims/jni.cpp, line 735]
Event: 96.818 Thread 0x00007ff60b275800 Exception <a 'java/net/SocketException': Socket closed> (0x000000076e5d1340) thrown at [/Users/java_re/workspace/8-2-build-macosx-x86_64/jdk8u51/3951/hotspot/src/share/vm/prims/jni.cpp, line 735]
Event: 96.862 Thread 0x00007ff60c900000 Exception <a 'java/lang/InterruptedException': sleep interrupted> (0x000000076c66cc00) thrown at [/Users/java_re/workspace/8-2-build-macosx-x86_64/jdk8u51/3951/hotspot/src/share/vm/prims/jvm.cpp, line 3211]

Events (10 events):
Event: 96.914 loading class com/sun/javafx/tk/quantum/QuantumToolkit
Event: 96.914 loading class com/sun/javafx/tk/quantum/QuantumToolkit done
Event: 96.914 Thread 0x00007ff60d809000 Thread exited: 0x00007ff60d809000
Event: 96.914 Thread 0x00007ff60c123000 Thread exited: 0x00007ff60c123000
Event: 96.914 Thread 0x00007ff60b002000 Thread exited: 0x00007ff60b002000
Event: 96.914 Thread 0x00007ff60d809000 Thread added: 0x00007ff60d809000
Event: 96.914 Thread 0x00007ff60b904800 Thread exited: 0x00007ff60b904800
Event: 96.914 Thread 0x00007ff60b822000 flushing nmethod 0x000000010dc6ff10
Event: 96.914 Thread 0x00007ff60b822000 flushing nmethod 0x000000010dc91290
Event: 96.915 Thread 0x00007ff60b822000 flushing nmethod 0x000000010dc9bed0


Dynamic libraries:
0x000000000c907000 	/System/Library/Frameworks/Cocoa.framework/Versions/A/Cocoa
0x000000000c907000 	/System/Library/Frameworks/Security.framework/Versions/A/Security
0x000000000c907000 	/System/Library/Frameworks/ApplicationServices.framework/Versions/A/ApplicationServices
0x000000000c907000 	/usr/lib/libz.1.dylib
0x000000000c907000 	/usr/lib/libSystem.B.dylib
0x000000000c907000 	/usr/lib/libobjc.A.dylib
0x000000000c907000 	/System/Library/Frameworks/CoreFoundation.framework/Versions/A/CoreFoundation
0x000000000c907000 	/System/Library/Frameworks/Foundation.framework/Versions/C/Foundation
0x000000000c907000 	/System/Library/Frameworks/AppKit.framework/Versions/C/AppKit
0x000000000c907000 	/System/Library/Frameworks/CoreData.framework/Versions/A/CoreData
0x000000000c907000 	/System/Library/PrivateFrameworks/RemoteViewServices.framework/Versions/A/RemoteViewServices
0x000000000c907000 	/System/Library/PrivateFrameworks/UIFoundation.framework/Versions/A/UIFoundation
0x000000000c907000 	/System/Library/PrivateFrameworks/DFRFoundation.framework/Versions/A/DFRFoundation
0x000000000c907000 	/System/Library/Frameworks/Metal.framework/Versions/A/Metal
0x000000000c907000 	/System/Library/PrivateFrameworks/DesktopServicesPriv.framework/Versions/A/DesktopServicesPriv
0x000000000c907000 	/usr/lib/libenergytrace.dylib
0x000000000c907000 	/System/Library/PrivateFrameworks/SkyLight.framework/Versions/A/SkyLight
0x000000000c907000 	/System/Library/Frameworks/CoreGraphics.framework/Versions/A/CoreGraphics
0x000000000c907000 	/usr/lib/libScreenReader.dylib
0x000000000c907000 	/System/Library/Frameworks/Accelerate.framework/Versions/A/Accelerate
0x000000000c907000 	/System/Library/Frameworks/IOSurface.framework/Versions/A/IOSurface
0x000000000c907000 	/System/Library/Frameworks/AudioToolbox.framework/Versions/A/AudioToolbox
0x000000000c907000 	/System/Library/Frameworks/AudioUnit.framework/Versions/A/AudioUnit
0x000000000c907000 	/System/Library/PrivateFrameworks/DataDetectorsCore.framework/Versions/A/DataDetectorsCore
0x000000000c907000 	/System/Library/Frameworks/Carbon.framework/Versions/A/Frameworks/HIToolbox.framework/Versions/A/HIToolbox
0x000000000c907000 	/usr/lib/libicucore.A.dylib
0x000000000c907000 	/System/Library/Frameworks/QuartzCore.framework/Versions/A/QuartzCore
0x000000000c907000 	/System/Library/Frameworks/Carbon.framework/Versions/A/Frameworks/SpeechRecognition.framework/Versions/A/SpeechRecognition
0x000000000c907000 	/usr/lib/libauto.dylib
0x000000000c907000 	/usr/lib/libxml2.2.dylib
0x000000000c907000 	/System/Library/PrivateFrameworks/CoreUI.framework/Versions/A/CoreUI
0x000000000c907000 	/System/Library/Frameworks/CoreAudio.framework/Versions/A/CoreAudio
0x000000000c907000 	/System/Library/Frameworks/DiskArbitration.framework/Versions/A/DiskArbitration
0x000000000c907000 	/usr/lib/liblangid.dylib
0x000000000c907000 	/System/Library/PrivateFrameworks/MultitouchSupport.framework/Versions/A/MultitouchSupport
0x000000000c907000 	/System/Library/Frameworks/IOKit.framework/Versions/A/IOKit
0x000000000c907000 	/usr/lib/libDiagnosticMessagesClient.dylib
0x000000000c907000 	/System/Library/Frameworks/CoreServices.framework/Versions/A/CoreServices
0x000000000c907000 	/System/Library/PrivateFrameworks/PerformanceAnalysis.framework/Versions/A/PerformanceAnalysis
0x000000000c907000 	/System/Library/Frameworks/OpenGL.framework/Versions/A/OpenGL
0x000000000c907000 	/System/Library/Frameworks/ColorSync.framework/Versions/A/ColorSync
0x000000000c907000 	/System/Library/Frameworks/CoreImage.framework/Versions/A/CoreImage
0x000000000c907000 	/System/Library/Frameworks/CoreText.framework/Versions/A/CoreText
0x000000000c907000 	/System/Library/Frameworks/ImageIO.framework/Versions/A/ImageIO
0x000000000c907000 	/System/Library/PrivateFrameworks/Backup.framework/Versions/A/Backup
0x000000000c907000 	/usr/lib/libarchive.2.dylib
0x000000000c907000 	/System/Library/Frameworks/CFNetwork.framework/Versions/A/CFNetwork
0x000000000c907000 	/System/Library/Frameworks/SystemConfiguration.framework/Versions/A/SystemConfiguration
0x000000000c907000 	/usr/lib/libCRFSuite.dylib
0x000000000c907000 	/usr/lib/libc++.1.dylib
0x000000000c907000 	/usr/lib/libc++abi.dylib
0x000000000c907000 	/usr/lib/system/libcache.dylib
0x000000000c907000 	/usr/lib/system/libcommonCrypto.dylib
0x000000000c907000 	/usr/lib/system/libcompiler_rt.dylib
0x000000000c907000 	/usr/lib/system/libcopyfile.dylib
0x000000000c907000 	/usr/lib/system/libcorecrypto.dylib
0x000000000c907000 	/usr/lib/system/libdispatch.dylib
0x000000000c907000 	/usr/lib/system/libdyld.dylib
0x000000000c907000 	/usr/lib/system/libkeymgr.dylib
0x000000000c907000 	/usr/lib/system/liblaunch.dylib
0x000000000c907000 	/usr/lib/system/libmacho.dylib
0x000000000c907000 	/usr/lib/system/libquarantine.dylib
0x000000000c907000 	/usr/lib/system/libremovefile.dylib
0x000000000c907000 	/usr/lib/system/libsystem_asl.dylib
0x000000000c907000 	/usr/lib/system/libsystem_blocks.dylib
0x000000000c907000 	/usr/lib/system/libsystem_c.dylib
0x000000000c907000 	/usr/lib/system/libsystem_configuration.dylib
0x000000000c907000 	/usr/lib/system/libsystem_coreservices.dylib
0x000000000c907000 	/usr/lib/system/libsystem_darwin.dylib
0x000000000c907000 	/usr/lib/system/libsystem_dnssd.dylib
0x000000000c907000 	/usr/lib/system/libsystem_info.dylib
0x000000000c907000 	/usr/lib/system/libsystem_m.dylib
0x000000000c907000 	/usr/lib/system/libsystem_malloc.dylib
0x000000000c907000 	/usr/lib/system/libsystem_network.dylib
0x000000000c907000 	/usr/lib/system/libsystem_networkextension.dylib
0x000000000c907000 	/usr/lib/system/libsystem_notify.dylib
0x000000000c907000 	/usr/lib/system/libsystem_sandbox.dylib
0x000000000c907000 	/usr/lib/system/libsystem_secinit.dylib
0x000000000c907000 	/usr/lib/system/libsystem_kernel.dylib
0x000000000c907000 	/usr/lib/system/libsystem_platform.dylib
0x000000000c907000 	/usr/lib/system/libsystem_pthread.dylib
0x000000000c907000 	/usr/lib/system/libsystem_symptoms.dylib
0x000000000c907000 	/usr/lib/system/libsystem_trace.dylib
0x000000000c907000 	/usr/lib/system/libunwind.dylib
0x000000000c907000 	/usr/lib/system/libxpc.dylib
0x000000000c907000 	/usr/lib/closure/libclosured.dylib
0x000000000c907000 	/usr/lib/libbsm.0.dylib
0x000000000c907000 	/usr/lib/system/libkxld.dylib
0x000000000c907000 	/usr/lib/libOpenScriptingUtil.dylib
0x000000000c907000 	/usr/lib/libcoretls.dylib
0x000000000c907000 	/usr/lib/libcoretls_cfhelpers.dylib
0x000000000c907000 	/usr/lib/libpam.2.dylib
0x000000000c907000 	/usr/lib/libsqlite3.dylib
0x000000000c907000 	/usr/lib/libxar.1.dylib
0x000000000c907000 	/usr/lib/libbz2.1.0.dylib
0x000000000c907000 	/usr/lib/liblzma.5.dylib
0x000000000c907000 	/usr/lib/libnetwork.dylib
0x000000000c907000 	/usr/lib/libapple_nghttp2.dylib
0x000000000c907000 	/usr/lib/libpcap.A.dylib
0x000000000c907000 	/usr/lib/libboringssl.dylib
0x000000000c907000 	/usr/lib/libusrtcp.dylib
0x000000000c907000 	/usr/lib/libapple_crypto.dylib
0x000000000c907000 	/System/Library/Frameworks/CoreServices.framework/Versions/A/Frameworks/FSEvents.framework/Versions/A/FSEvents
0x000000000c907000 	/System/Library/Frameworks/CoreServices.framework/Versions/A/Frameworks/CarbonCore.framework/Versions/A/CarbonCore
0x000000000c907000 	/System/Library/Frameworks/CoreServices.framework/Versions/A/Frameworks/Metadata.framework/Versions/A/Metadata
0x000000000c907000 	/System/Library/Frameworks/CoreServices.framework/Versions/A/Frameworks/OSServices.framework/Versions/A/OSServices
0x000000000c907000 	/System/Library/Frameworks/CoreServices.framework/Versions/A/Frameworks/SearchKit.framework/Versions/A/SearchKit
0x000000000c907000 	/System/Library/Frameworks/CoreServices.framework/Versions/A/Frameworks/AE.framework/Versions/A/AE
0x000000000c907000 	/System/Library/Frameworks/CoreServices.framework/Versions/A/Frameworks/LaunchServices.framework/Versions/A/LaunchServices
0x000000000c907000 	/System/Library/Frameworks/CoreServices.framework/Versions/A/Frameworks/DictionaryServices.framework/Versions/A/DictionaryServices
0x000000000c907000 	/System/Library/Frameworks/CoreServices.framework/Versions/A/Frameworks/SharedFileList.framework/Versions/A/SharedFileList
0x000000000c907000 	/System/Library/Frameworks/NetFS.framework/Versions/A/NetFS
0x000000000c907000 	/System/Library/PrivateFrameworks/NetAuth.framework/Versions/A/NetAuth
0x000000000c907000 	/System/Library/PrivateFrameworks/login.framework/Versions/A/Frameworks/loginsupport.framework/Versions/A/loginsupport
0x000000000c907000 	/System/Library/PrivateFrameworks/TCC.framework/Versions/A/TCC
0x000000000c907000 	/usr/lib/libmecabra.dylib
0x000000000c907000 	/System/Library/Frameworks/ApplicationServices.framework/Versions/A/Frameworks/ATS.framework/Versions/A/ATS
0x000000000c907000 	/System/Library/Frameworks/ApplicationServices.framework/Versions/A/Frameworks/ColorSyncLegacy.framework/Versions/A/ColorSyncLegacy
0x000000000c907000 	/System/Library/Frameworks/ApplicationServices.framework/Versions/A/Frameworks/HIServices.framework/Versions/A/HIServices
0x000000000c907000 	/System/Library/Frameworks/ApplicationServices.framework/Versions/A/Frameworks/LangAnalysis.framework/Versions/A/LangAnalysis
0x000000000c907000 	/System/Library/Frameworks/ApplicationServices.framework/Versions/A/Frameworks/PrintCore.framework/Versions/A/PrintCore
0x000000000c907000 	/System/Library/Frameworks/ApplicationServices.framework/Versions/A/Frameworks/QD.framework/Versions/A/QD
0x000000000c907000 	/System/Library/Frameworks/ApplicationServices.framework/Versions/A/Frameworks/SpeechSynthesis.framework/Versions/A/SpeechSynthesis
0x000000000c907000 	/System/Library/Frameworks/CoreDisplay.framework/Versions/A/CoreDisplay
0x000000000c907000 	/System/Library/Frameworks/Accelerate.framework/Versions/A/Frameworks/vImage.framework/Versions/A/vImage
0x000000000c907000 	/System/Library/Frameworks/Accelerate.framework/Versions/A/Frameworks/vecLib.framework/Versions/A/vecLib
0x000000000c907000 	/System/Library/Frameworks/Accelerate.framework/Versions/A/Frameworks/vecLib.framework/Versions/A/libvDSP.dylib
0x000000000c907000 	/System/Library/Frameworks/Accelerate.framework/Versions/A/Frameworks/vecLib.framework/Versions/A/libBNNS.dylib
0x000000000c907000 	/System/Library/Frameworks/Accelerate.framework/Versions/A/Frameworks/vecLib.framework/Versions/A/libQuadrature.dylib
0x000000000c907000 	/System/Library/Frameworks/Accelerate.framework/Versions/A/Frameworks/vecLib.framework/Versions/A/libvMisc.dylib
0x000000000c907000 	/System/Library/Frameworks/Accelerate.framework/Versions/A/Frameworks/vecLib.framework/Versions/A/libLAPACK.dylib
0x000000000c907000 	/System/Library/Frameworks/Accelerate.framework/Versions/A/Frameworks/vecLib.framework/Versions/A/libBLAS.dylib
0x000000000c907000 	/System/Library/Frameworks/Accelerate.framework/Versions/A/Frameworks/vecLib.framework/Versions/A/libLinearAlgebra.dylib
0x000000000c907000 	/System/Library/Frameworks/Accelerate.framework/Versions/A/Frameworks/vecLib.framework/Versions/A/libSparse.dylib
0x000000000c907000 	/System/Library/Frameworks/Accelerate.framework/Versions/A/Frameworks/vecLib.framework/Versions/A/libSparseBLAS.dylib
0x000000000c907000 	/System/Library/PrivateFrameworks/IOAccelerator.framework/Versions/A/IOAccelerator
0x000000000c907000 	/System/Library/PrivateFrameworks/IOPresentment.framework/Versions/A/IOPresentment
0x000000000c907000 	/System/Library/PrivateFrameworks/DSExternalDisplay.framework/Versions/A/DSExternalDisplay
0x000000000c907000 	/System/Library/Frameworks/OpenGL.framework/Versions/A/Libraries/libCoreFSCache.dylib
0x000000000c907000 	/System/Library/Frameworks/CoreVideo.framework/Versions/A/CoreVideo
0x000000000c907000 	/System/Library/PrivateFrameworks/GraphVisualizer.framework/Versions/A/GraphVisualizer
0x000000000c907000 	/System/Library/Frameworks/MetalPerformanceShaders.framework/Versions/A/MetalPerformanceShaders
0x000000000c907000 	/usr/lib/libFosl_dynamic.dylib
0x000000000c907000 	/System/Library/PrivateFrameworks/FaceCore.framework/Versions/A/FaceCore
0x000000000c907000 	/System/Library/Frameworks/OpenCL.framework/Versions/A/OpenCL
0x000000000c907000 	/usr/lib/libcompression.dylib
0x000000000c907000 	/System/Library/Frameworks/ApplicationServices.framework/Versions/A/Frameworks/ATS.framework/Versions/A/Resources/libFontParser.dylib
0x000000000c907000 	/System/Library/Frameworks/ApplicationServices.framework/Versions/A/Frameworks/ATS.framework/Versions/A/Resources/libFontRegistry.dylib
0x000000000c907000 	/System/Library/Frameworks/ImageIO.framework/Versions/A/Resources/libJPEG.dylib
0x000000000c907000 	/System/Library/Frameworks/ImageIO.framework/Versions/A/Resources/libTIFF.dylib
0x000000000c907000 	/System/Library/Frameworks/ImageIO.framework/Versions/A/Resources/libPng.dylib
0x000000000c907000 	/System/Library/Frameworks/ImageIO.framework/Versions/A/Resources/libGIF.dylib
0x000000000c907000 	/System/Library/Frameworks/ImageIO.framework/Versions/A/Resources/libJP2.dylib
0x000000000c907000 	/System/Library/Frameworks/ImageIO.framework/Versions/A/Resources/libRadiance.dylib
0x000000000c907000 	/System/Library/PrivateFrameworks/AppleJPEG.framework/Versions/A/AppleJPEG
0x000000000c907000 	/System/Library/PrivateFrameworks/MetalTools.framework/Versions/A/MetalTools
0x000000000c907000 	/System/Library/Frameworks/MetalPerformanceShaders.framework/Frameworks/MPSCore.framework/Versions/A/MPSCore
0x000000000c907000 	/System/Library/Frameworks/MetalPerformanceShaders.framework/Frameworks/MPSImage.framework/Versions/A/MPSImage
0x000000000c907000 	/System/Library/Frameworks/MetalPerformanceShaders.framework/Frameworks/MPSMatrix.framework/Versions/A/MPSMatrix
0x000000000c907000 	/System/Library/Frameworks/MetalPerformanceShaders.framework/Frameworks/MPSNeuralNetwork.framework/Versions/A/MPSNeuralNetwork
0x000000000c907000 	/System/Library/Frameworks/OpenGL.framework/Versions/A/Libraries/libGLU.dylib
0x000000000c907000 	/System/Library/Frameworks/OpenGL.framework/Versions/A/Libraries/libGFXShared.dylib
0x000000000c907000 	/System/Library/Frameworks/OpenGL.framework/Versions/A/Libraries/libGL.dylib
0x000000000c907000 	/System/Library/Frameworks/OpenGL.framework/Versions/A/Libraries/libGLImage.dylib
0x000000000c907000 	/System/Library/Frameworks/OpenGL.framework/Versions/A/Libraries/libCVMSPluginSupport.dylib
0x000000000c907000 	/System/Library/Frameworks/OpenGL.framework/Versions/A/Libraries/libCoreVMClient.dylib
0x000000000c907000 	/usr/lib/libcups.2.dylib
0x000000000c907000 	/System/Library/Frameworks/Kerberos.framework/Versions/A/Kerberos
0x000000000c907000 	/System/Library/Frameworks/GSS.framework/Versions/A/GSS
0x000000000c907000 	/usr/lib/libresolv.9.dylib
0x000000000c907000 	/usr/lib/libiconv.2.dylib
0x000000000c907000 	/System/Library/PrivateFrameworks/Heimdal.framework/Versions/A/Heimdal
0x000000000c907000 	/usr/lib/libheimdal-asn1.dylib
0x000000000c907000 	/System/Library/Frameworks/OpenDirectory.framework/Versions/A/OpenDirectory
0x000000000c907000 	/System/Library/PrivateFrameworks/CommonAuth.framework/Versions/A/CommonAuth
0x000000000c907000 	/System/Library/Frameworks/OpenDirectory.framework/Versions/A/Frameworks/CFOpenDirectory.framework/Versions/A/CFOpenDirectory
0x000000000c907000 	/System/Library/Frameworks/SecurityFoundation.framework/Versions/A/SecurityFoundation
0x000000000c907000 	/System/Library/PrivateFrameworks/APFS.framework/Versions/A/APFS
0x000000000c907000 	/usr/lib/libutil.dylib
0x000000000c907000 	/System/Library/PrivateFrameworks/AppleSauce.framework/Versions/A/AppleSauce
0x000000000c907000 	/System/Library/PrivateFrameworks/LinguisticData.framework/Versions/A/LinguisticData
0x000000000c907000 	/usr/lib/libmarisa.dylib
0x000000000c907000 	/System/Library/PrivateFrameworks/Lexicon.framework/Versions/A/Lexicon
0x000000000c907000 	/usr/lib/libChineseTokenizer.dylib
0x000000000c907000 	/usr/lib/libcmph.dylib
0x000000000c907000 	/System/Library/PrivateFrameworks/LanguageModeling.framework/Versions/A/LanguageModeling
0x000000000c907000 	/System/Library/PrivateFrameworks/CoreEmoji.framework/Versions/A/CoreEmoji
0x000000000c907000 	/System/Library/Frameworks/ServiceManagement.framework/Versions/A/ServiceManagement
0x000000000c907000 	/System/Library/PrivateFrameworks/BackgroundTaskManagement.framework/Versions/A/BackgroundTaskManagement
0x000000000c907000 	/usr/lib/libxslt.1.dylib
0x000000000c907000 	/System/Library/Frameworks/Carbon.framework/Versions/A/Frameworks/Ink.framework/Versions/A/Ink
0x000000000c907000 	/System/Library/PrivateFrameworks/TextureIO.framework/Versions/A/TextureIO
0x000000000c907000 	/usr/lib/libate.dylib
0x000000000c907000 	/System/Library/PrivateFrameworks/CrashReporterSupport.framework/Versions/A/CrashReporterSupport
0x000000000c907000 	/System/Library/PrivateFrameworks/Sharing.framework/Versions/A/Sharing
0x000000000c907000 	/System/Library/PrivateFrameworks/IconServices.framework/Versions/A/IconServices
0x000000000c907000 	/System/Library/PrivateFrameworks/ProtocolBuffer.framework/Versions/A/ProtocolBuffer
0x000000000c907000 	/System/Library/PrivateFrameworks/Apple80211.framework/Versions/A/Apple80211
0x000000000c907000 	/System/Library/Frameworks/CoreWLAN.framework/Versions/A/CoreWLAN
0x000000000c907000 	/System/Library/PrivateFrameworks/CoreUtils.framework/Versions/A/CoreUtils
0x000000000c907000 	/System/Library/Frameworks/IOBluetooth.framework/Versions/A/IOBluetooth
0x000000000c907000 	/System/Library/PrivateFrameworks/CoreWiFi.framework/Versions/A/CoreWiFi
0x000000000c907000 	/System/Library/Frameworks/CoreBluetooth.framework/Versions/A/CoreBluetooth
0x000000000c907000 	/System/Library/PrivateFrameworks/SignpostNotification.framework/Versions/A/SignpostNotification
0x000000000c907000 	/System/Library/PrivateFrameworks/DebugSymbols.framework/Versions/A/DebugSymbols
0x000000000c907000 	/System/Library/PrivateFrameworks/CoreSymbolication.framework/Versions/A/CoreSymbolication
0x000000000c907000 	/System/Library/PrivateFrameworks/Symbolication.framework/Versions/A/Symbolication
0x000000000c907000 	/System/Library/PrivateFrameworks/AppleFSCompression.framework/Versions/A/AppleFSCompression
0x000000000c907000 	/System/Library/PrivateFrameworks/SpeechRecognitionCore.framework/Versions/A/SpeechRecognitionCore
0x0000000106000000 	/Library/Java/JavaVirtualMachines/jdk1.8.0_51.jdk/Contents/Home/jre/lib/server/libjvm.dylib
0x000000000c907000 	/usr/lib/libstdc++.6.0.9.dylib
0x0000000104e1c000 	/Library/Java/JavaVirtualMachines/jdk1.8.0_51.jdk/Contents/Home/jre/lib/libverify.dylib
0x0000000104e2a000 	/Library/Java/JavaVirtualMachines/jdk1.8.0_51.jdk/Contents/Home/jre/lib/libjava.dylib
0x0000000104ea9000 	/Library/Java/JavaVirtualMachines/jdk1.8.0_51.jdk/Contents/Home/jre/lib/libzip.dylib
0x000000000c907000 	/System/Library/Frameworks/JavaVM.framework/Versions/A/Frameworks/JavaRuntimeSupport.framework/Versions/A/JavaRuntimeSupport
0x000000000c907000 	/System/Library/Frameworks/JavaVM.framework/Versions/A/Frameworks/JavaNativeFoundation.framework/Versions/A/JavaNativeFoundation
0x000000000c907000 	/System/Library/Frameworks/JavaVM.framework/Versions/A/JavaVM
0x000000000c907000 	/System/Library/Frameworks/Carbon.framework/Versions/A/Carbon
0x000000000c907000 	/System/Library/PrivateFrameworks/JavaLaunching.framework/Versions/A/JavaLaunching
0x000000000c907000 	/System/Library/Frameworks/Carbon.framework/Versions/A/Frameworks/CommonPanels.framework/Versions/A/CommonPanels
0x000000000c907000 	/System/Library/Frameworks/Carbon.framework/Versions/A/Frameworks/Help.framework/Versions/A/Help
0x000000000c907000 	/System/Library/Frameworks/Carbon.framework/Versions/A/Frameworks/ImageCapture.framework/Versions/A/ImageCapture
0x000000000c907000 	/System/Library/Frameworks/Carbon.framework/Versions/A/Frameworks/OpenScripting.framework/Versions/A/OpenScripting
0x000000000c907000 	/System/Library/Frameworks/Carbon.framework/Versions/A/Frameworks/Print.framework/Versions/A/Print
0x000000000c907000 	/System/Library/Frameworks/Carbon.framework/Versions/A/Frameworks/SecurityHI.framework/Versions/A/SecurityHI
0x000000010c8d7000 	/Library/Java/JavaVirtualMachines/jdk1.8.0_51.jdk/Contents/Home/jre/lib/libprism_es2.dylib
0x000000000c907000 	/System/Library/PrivateFrameworks/CoreServicesInternal.framework/Versions/A/CoreServicesInternal
0x000000000c907000 	/System/Library/Frameworks/OpenGL.framework/Versions/A/Resources/GLEngine.bundle/GLEngine
0x000000000c907000 	/System/Library/Frameworks/OpenGL.framework/Versions/A/Libraries/libGLProgrammability.dylib
0x000000010c981000 	/System/Library/Extensions/AppleIntelHD5000GraphicsGLDriver.bundle/Contents/MacOS/AppleIntelHD5000GraphicsGLDriver
0x000000000c907000 	/System/Library/PrivateFrameworks/GPUSupport.framework/Versions/A/Libraries/libGPUSupportMercury.dylib
0x000000000c907000 	/System/Library/Frameworks/OpenGL.framework/Versions/A/Resources/GLRendererFloat.bundle/GLRendererFloat
0x000000000c907000 	/System/Library/Frameworks/OpenCL.framework/Versions/A/Libraries/libcldcpuengine.dylib
0x000000000c907000 	/usr/lib/libcrypto.35.dylib
0x000000000c907000 	/System/Library/PrivateFrameworks/TrustEvaluationAgent.framework/Versions/A/TrustEvaluationAgent
0x000000010d516000 	/Library/Java/JavaVirtualMachines/jdk1.8.0_51.jdk/Contents/Home/jre/lib/libglass.dylib
0x000000000c907000 	/System/Library/CoreServices/RawCamera.bundle/Contents/MacOS/RawCamera
0x000000000c907000 	/System/Library/PrivateFrameworks/MobileAsset.framework/Versions/A/MobileAsset
0x000000000c907000 	/System/Library/PrivateFrameworks/StreamingZip.framework/Versions/A/StreamingZip
0x000000000c907000 	/System/Library/Frameworks/MediaToolbox.framework/Versions/A/MediaToolbox
0x000000000c907000 	/System/Library/PrivateFrameworks/CoreAVCHD.framework/Versions/A/CoreAVCHD
0x000000000c907000 	/System/Library/Frameworks/MediaAccessibility.framework/Versions/A/MediaAccessibility
0x000000000c907000 	/System/Library/PrivateFrameworks/Mangrove.framework/Versions/A/Mangrove
0x000000000c907000 	/System/Library/Frameworks/CoreMedia.framework/Versions/A/CoreMedia
0x000000000c907000 	/System/Library/Frameworks/VideoToolbox.framework/Versions/A/VideoToolbox
0x000000000c907000 	/System/Library/PrivateFrameworks/CoreAUC.framework/Versions/A/CoreAUC
0x000000000c907000 	/usr/lib/libspindump.dylib
0x000000000c907000 	/usr/lib/libdscsym.dylib
0x000000000c907000 	/System/Library/PrivateFrameworks/AppleVA.framework/Versions/A/AppleVA
0x000000000c907000 	/System/Library/Frameworks/Accelerate.framework/Versions/A/Frameworks/vImage.framework/Versions/A/Libraries/libCGInterfaces.dylib
0x000000000c907000 	/System/Library/PrivateFrameworks/FamilyControls.framework/Versions/A/FamilyControls
0x000000000c907000 	/System/Library/PrivateFrameworks/CommerceKit.framework/Versions/A/Frameworks/CommerceCore.framework/Versions/A/CommerceCore
0x000000000c907000 	/System/Library/PrivateFrameworks/SystemAdministration.framework/Versions/A/SystemAdministration
0x000000000c907000 	/System/Library/PrivateFrameworks/AppContainer.framework/Versions/A/AppContainer
0x000000000c907000 	/System/Library/PrivateFrameworks/SecCodeWrapper.framework/Versions/A/SecCodeWrapper
0x000000000c907000 	/System/Library/PrivateFrameworks/DiskManagement.framework/Versions/A/DiskManagement
0x000000000c907000 	/System/Library/Frameworks/DirectoryService.framework/Versions/A/DirectoryService
0x000000000c907000 	/System/Library/PrivateFrameworks/DiskImages.framework/Versions/A/DiskImages
0x000000000c907000 	/System/Library/PrivateFrameworks/LoginUIKit.framework/Versions/A/Frameworks/LoginUICore.framework/Versions/A/LoginUICore
0x000000000c907000 	/usr/lib/libCoreStorage.dylib
0x000000000c907000 	/usr/lib/libcsfde.dylib
0x000000000c907000 	/usr/lib/libodfde.dylib
0x000000000c907000 	/System/Library/PrivateFrameworks/MediaKit.framework/Versions/A/MediaKit
0x000000000c907000 	/System/Library/Frameworks/DiscRecording.framework/Versions/A/DiscRecording
0x000000000c907000 	/System/Library/PrivateFrameworks/EFILogin.framework/Versions/A/EFILogin
0x000000000c907000 	/System/Library/PrivateFrameworks/ProtectedCloudStorage.framework/Versions/A/ProtectedCloudStorage
0x000000000c907000 	/usr/lib/libcurl.4.dylib
0x000000000c907000 	/usr/lib/libssl.35.dylib
0x000000000c907000 	/System/Library/Frameworks/LDAP.framework/Versions/A/LDAP
0x000000000c907000 	/usr/lib/libsasl2.2.dylib
0x000000000c907000 	/System/Library/PrivateFrameworks/CoreDaemon.framework/Versions/B/CoreDaemon
0x000000000c907000 	/System/Library/PrivateFrameworks/AppleSRP.framework/Versions/A/AppleSRP
0x000000000c907000 	/System/Library/Frameworks/ApplicationServices.framework/Versions/A/Frameworks/ATS.framework/Versions/A/Resources/libTrueTypeScaler.dylib
0x000000000c907000 	/System/Library/Extensions/AppleIntelHD5000GraphicsMTLDriver.bundle/Contents/MacOS/AppleIntelHD5000GraphicsMTLDriver
0x000000000c907000 	/System/Library/PrivateFrameworks/GPUCompiler.framework/Versions/3802/Libraries/libmetal_timestamp.dylib
0x000000012644d000 	/Library/Java/JavaVirtualMachines/jdk1.8.0_51.jdk/Contents/Home/jre/lib/libnio.dylib
0x0000000126631000 	/Library/Java/JavaVirtualMachines/jdk1.8.0_51.jdk/Contents/Home/jre/lib/./libnet.dylib
0x0000000124be6000 	/Library/Java/JavaVirtualMachines/jdk1.8.0_51.jdk/Contents/Home/jre/lib/libmanagement.dylib
0x0000000124bf3000 	/Library/Java/JavaVirtualMachines/jdk1.8.0_51.jdk/Contents/Home/jre/lib/libjavafx_iio.dylib
0x0000000124c2b000 	/Library/Java/JavaVirtualMachines/jdk1.8.0_51.jdk/Contents/Home/jre/lib/libjavafx_font.dylib
0x000000000c907000 	/System/Library/PrivateFrameworks/ViewBridge.framework/Versions/A/ViewBridge
0x0000000127377000 	/Library/Java/JavaVirtualMachines/jdk1.8.0_51.jdk/Contents/Home/jre/lib/libprism_common.dylib
0x000000000c907000 	/System/Library/PrivateFrameworks/login.framework/Versions/A/login
0x000000013bcbe000 	/Library/Java/JavaVirtualMachines/jdk1.8.0_51.jdk/Contents/Home/jre/lib/libjfxwebkit.dylib
0x0000000129e23000 	/Library/Java/JavaVirtualMachines/jdk1.8.0_51.jdk/Contents/Home/jre/lib/libawt.dylib
0x000000012c86e000 	/Library/Java/JavaVirtualMachines/jdk1.8.0_51.jdk/Contents/Home/jre/lib/./libmlib_image.dylib
0x000000012c93a000 	/Library/Java/JavaVirtualMachines/jdk1.8.0_51.jdk/Contents/Home/jre/lib/libawt_lwawt.dylib
0x0000000127760000 	/Library/Java/JavaVirtualMachines/jdk1.8.0_51.jdk/Contents/Home/jre/lib/./libosxapp.dylib
0x000000000c907000 	/System/Library/Frameworks/ExceptionHandling.framework/Versions/A/ExceptionHandling
0x00000001274a3000 	/Library/Java/JavaVirtualMachines/jdk1.8.0_51.jdk/Contents/Home/jre/lib/libfontmanager.dylib

VM Arguments:
jvm_args: -Dfile.encoding=UTF-8 
java_command: /Users/jean/DevProjects/BilliardSoftware/BilliardScore/dist/run169999551/BilliardScore.jar
java_class_path (initial): /Users/jean/DevProjects/BilliardSoftware/BilliardScore/dist/run169999551/BilliardScore.jar
Launcher Type: SUN_STANDARD

Environment Variables:
PATH=/usr/bin:/bin:/usr/sbin:/sbin
LD_LIBRARY_PATH=/Library/Java/JavaVirtualMachines/jdk1.8.0_51.jdk/Contents/Home/jre/lib/amd64:/Library/Java/JavaVirtualMachines/jdk1.8.0_51.jdk/Contents/Home/jre/lib/i386:
SHELL=/bin/bash
DISPLAY=/private/tmp/com.apple.launchd.LRPKMt5pYr/org.macosforge.xquartz:0

Signal Handlers:
SIGSEGV: [libjvm.dylib+0x58ef35], sa_mask[0]=11111111011111110111111111111111, sa_flags=SA_ONSTACK|SA_RESTART|SA_SIGINFO
SIGBUS: [libjvm.dylib+0x58ef35], sa_mask[0]=11111111011111110111111111111111, sa_flags=SA_RESTART|SA_SIGINFO
SIGFPE: [libjvm.dylib+0x46c028], sa_mask[0]=11111111011111110111111111111111, sa_flags=SA_RESTART|SA_SIGINFO
SIGPIPE: [libjvm.dylib+0x46c028], sa_mask[0]=11111111011111110111111111111111, sa_flags=SA_RESTART|SA_SIGINFO
SIGXFSZ: [libjvm.dylib+0x46c028], sa_mask[0]=11111111011111110111111111111111, sa_flags=SA_RESTART|SA_SIGINFO
SIGILL: [libjvm.dylib+0x46c028], sa_mask[0]=11111111011111110111111111111111, sa_flags=SA_RESTART|SA_SIGINFO
SIGUSR1: SIG_DFL, sa_mask[0]=11011111011111100000000111000110, sa_flags=none
SIGUSR2: [libjvm.dylib+0x46bb46], sa_mask[0]=00100000000000000000000000000000, sa_flags=SA_RESTART|SA_SIGINFO
SIGHUP: [libjvm.dylib+0x46a119], sa_mask[0]=11111111011111110111111111111111, sa_flags=SA_RESTART|SA_SIGINFO
SIGINT: SIG_IGN, sa_mask[0]=00000000000000000000000000000000, sa_flags=none
SIGTERM: [libjvm.dylib+0x46a119], sa_mask[0]=11111111011111110111111111111111, sa_flags=SA_RESTART|SA_SIGINFO
SIGQUIT: [libjvm.dylib+0x46a119], sa_mask[0]=11111111011111110111111111111111, sa_flags=SA_RESTART|SA_SIGINFO


---------------  S Y S T E M  ---------------

OS:Bsduname:Darwin 17.3.0 Darwin Kernel Version 17.3.0: Thu Nov  9 18:09:22 PST 2017; root:xnu-4570.31.3~1/RELEASE_X86_64 x86_64
rlimit: STACK 8192k, CORE 0k, NPROC 1418, NOFILE 10240, AS infinity
load average:1.99 1.91 1.79

CPU:total 8 (4 cores per cpu, 2 threads per core) family 6 model 70 stepping 1, cmov, cx8, fxsr, mmx, sse, sse2, sse3, ssse3, sse4.1, sse4.2, popcnt, avx, avx2, aes, clmul, erms, lzcnt, ht, tsc, tscinvbit, bmi1, bmi2

Memory: 4k page, physical 16777216k(1222904k free)

/proc/meminfo:


vm_info: Java HotSpot(TM) 64-Bit Server VM (25.51-b03) for bsd-amd64 JRE (1.8.0_51-b16), built on Jun  8 2015 18:01:11 by "java_re" with gcc 4.2.1 (Based on Apple Inc. build 5658) (LLVM build 2336.11.00)

time: Thu Jan 18 14:04:14 2018
elapsed time: 97 seconds (0d 0h 1m 37s)

