#
# A fatal error has been detected by the Java Runtime Environment:
#
#  SIGSEGV (0xb) at pc=0x000000012b490663, pid=2598, tid=775
#
# JRE version: Java(TM) SE Runtime Environment (8.0_51-b16) (build 1.8.0_51-b16)
# Java VM: Java HotSpot(TM) 64-Bit Server VM (25.51-b03 mixed mode bsd-amd64 compressed oops)
# Problematic frame:
# C  [libjfxwebkit.dylib+0x938663]  Java_com_sun_webkit_PopupMenu_twkPopupClosed+0x6253
#
# Failed to write core dump. Core dumps have been disabled. To enable core dumping, try "ulimit -c unlimited" before starting Java again
#
# If you would like to submit a bug report, please visit:
#   http://bugreport.java.com/bugreport/crash.jsp
#

---------------  T H R E A D  ---------------

Current thread is native thread

siginfo: si_signo: 11 (SIGSEGV), si_code: 1 (SEGV_MAPERR), si_addr: 0x0000000000000000

Registers:
RAX=0x00007ffeeecface0, RBX=0x00007fc6956fb438, RCX=0x00007ffeeecfacb4, RDX=0x00007fc69e4a8a98
RSP=0x00007ffeeecfac00, RBP=0x00007ffeeecfacd0, RSI=0x00007fc698ee27a0, RDI=0x0000000000000000
R8 =0x0000000000000020, R9 =0x00007fc69ab8acc0, R10=0x000007fc6a100fc2, R11=0x0000000000000021
R12=0x00007fc6956fb400, R13=0x00000001234d8f78, R14=0x0000000000000000, R15=0x0000000000000000
RIP=0x000000012b490663, EFLAGS=0x0000000000010246, ERR=0x0000000000000004
  TRAPNO=0x000000000000000e

Top of Stack: (sp=0x00007ffeeecfac00)
0x00007ffeeecfac00:   0000000000000000 0000000000000000
0x00007ffeeecfac10:   0000000000000000 00007ffeeecfacb4
0x00007ffeeecfac20:   0000000000000020 00007fc69ab8acc0
0x00007ffeeecfac30:   000067ba00000001 0000000000008b3e
0x00007ffeeecfac40:   0000000200000003 0000004200000002
0x00007ffeeecfac50:   0000000000000000 00000000002f0000
0x00007ffeeecfac60:   00000002005a0000 00003f0000004500
0x00007ffeeecfac70:   00007ffeeecfaca0 0000000102317c11
0x00007ffeeecfac80:   000000000000f95e 0000000000010002
0x00007ffeeecfac90:   00007ffeeecface8 0000000102807848
0x00007ffeeecfaca0:   00007ffeeecfacd0 0000000102315b17
0x00007ffeeecfacb0:   fffffffe000000da 0000003000000018
0x00007ffeeecfacc0:   00007ffeeecface0 00007ffeeecfac00
0x00007ffeeecfacd0:   00007ffeeecfad00 000000012b44c7e6
0x00007ffeeecface0:   00007fc6a100dab0 0000000000000000
0x00007ffeeecfacf0:   00007fc6956fb438 0000000000000000
0x00007ffeeecfad00:   00007ffeeecfad50 000000012b43288c
0x00007ffeeecfad10:   00007fc69e4a7d40 000000075bdf6758
0x00007ffeeecfad20:   00007fc69e4a9150 00007fc698e7bd40
0x00007ffeeecfad30:   00007fc6956fb400 00000001234d8f78
0x00007ffeeecfad40:   0000000000000000 0000000000000000
0x00007ffeeecfad50:   00007ffeeecfad90 000000012b42fde7
0x00007ffeeecfad60:   00007ffeeecfadf0 00007fff00000006
0x00007ffeeecfad70:   00007fc6a100fc70 00007fc6a10fc080
0x00007ffeeecfad80:   0000000000002000 00007fc698e7bd40
0x00007ffeeecfad90:   00007ffeeecfadc0 000000012b425a55
0x00007ffeeecfada0:   00007fc698e7bd40 00007fc696b4d9c8
0x00007ffeeecfadb0:   00007fc6a100c070 0000000000000001
0x00007ffeeecfadc0:   00007ffeeecfade0 000000012b5bb107
0x00007ffeeecfadd0:   00007fc698e7bd40 00007fc6a100c070
0x00007ffeeecfade0:   00007ffeeecfae00 000000012b6321cd
0x00007ffeeecfadf0:   00007fc6a100c070 00007fc6a100d2f0 

Instructions: (pc=0x000000012b490663)
0x000000012b490643:   8d 85 30 ff ff ff 48 89 45 f8 48 8d 45 10 48 89
0x000000012b490653:   45 f0 c7 45 ec 30 00 00 00 c7 45 e8 18 00 00 00
0x000000012b490663:   48 8b 07 48 8d 4d e8 ff 90 90 01 00 00 48 81 c4
0x000000012b490673:   d0 00 00 00 5d c3 90 90 90 90 90 90 90 55 48 89 

Register to memory mapping:

RAX=0x00007ffeeecface0 is an unknown value
RBX=0x00007fc6956fb438 is an unknown value
RCX=0x00007ffeeecfacb4 is an unknown value
RDX=0x00007fc69e4a8a98 is an unknown value
RSP=0x00007ffeeecfac00 is an unknown value
RBP=0x00007ffeeecfacd0 is an unknown value
RSI=0x00007fc698ee27a0 is a global jni handle
RDI=0x0000000000000000 is an unknown value
R8 =0x0000000000000020 is an unknown value
R9 =0x00007fc69ab8acc0 is an unknown value
R10=0x000007fc6a100fc2 is an unknown value
R11=0x0000000000000021 is an unknown value
R12=0x00007fc6956fb400 is an unknown value
R13=0x00000001234d8f78 is an unknown value
R14=0x0000000000000000 is an unknown value
R15=0x0000000000000000 is an unknown value


Stack: [0x00007ffeee4ff000,0x00007ffeeecff000],  sp=0x00007ffeeecfac00,  free space=8175k
Native frames: (J=compiled Java code, j=interpreted, Vv=VM code, C=native code)
C  [libjfxwebkit.dylib+0x938663]  Java_com_sun_webkit_PopupMenu_twkPopupClosed+0x6253
C  [libjfxwebkit.dylib+0x8f47e6]  Java_com_sun_webkit_graphics_WCGraphicsManager_append+0x906
C  [libjfxwebkit.dylib+0x8da88c]  Java_com_sun_webkit_dom_EventListenerImpl_twkDispatchEvent+0x51b8ec
C  [libjfxwebkit.dylib+0x8d7de7]  Java_com_sun_webkit_dom_EventListenerImpl_twkDispatchEvent+0x518e47
C  [libjfxwebkit.dylib+0x8cda55]  Java_com_sun_webkit_dom_EventListenerImpl_twkDispatchEvent+0x50eab5
C  [libjfxwebkit.dylib+0xa63107]  Java_com_sun_webkit_network_URLLoader_twkWillSendRequest+0x10eb97
C  [libjfxwebkit.dylib+0xada1cd]  Java_com_sun_webkit_network_URLLoader_twkWillSendRequest+0x185c5d
C  [libjfxwebkit.dylib+0x4f32b7]  Java_com_sun_webkit_dom_EventListenerImpl_twkDispatchEvent+0x134317
C  [libjfxwebkit.dylib+0x4f156e]  Java_com_sun_webkit_dom_EventListenerImpl_twkDispatchEvent+0x1325ce
C  [libjfxwebkit.dylib+0x51b81d]  Java_com_sun_webkit_dom_EventListenerImpl_twkDispatchEvent+0x15c87d
C  [libjfxwebkit.dylib+0x516cd0]  Java_com_sun_webkit_dom_EventListenerImpl_twkDispatchEvent+0x157d30
C  [libjfxwebkit.dylib+0x542031]  Java_com_sun_webkit_dom_EventListenerImpl_twkDispatchEvent+0x183091
C  [libjfxwebkit.dylib+0x4aec86]  Java_com_sun_webkit_dom_EventListenerImpl_twkDispatchEvent+0xefce6
C  [libjfxwebkit.dylib+0x5b9ec0]  Java_com_sun_webkit_dom_EventListenerImpl_twkDispatchEvent+0x1faf20
C  [libjfxwebkit.dylib+0x6dcce1]  Java_com_sun_webkit_dom_EventListenerImpl_twkDispatchEvent+0x31dd41
C  [libjfxwebkit.dylib+0x533826]  Java_com_sun_webkit_dom_EventListenerImpl_twkDispatchEvent+0x174886
C  [libjfxwebkit.dylib+0x54893b]  Java_com_sun_webkit_dom_EventListenerImpl_twkDispatchEvent+0x18999b
C  [libjfxwebkit.dylib+0x58e882]  Java_com_sun_webkit_dom_EventListenerImpl_twkDispatchEvent+0x1cf8e2
C  [libjfxwebkit.dylib+0x3eb59a]  Java_com_sun_webkit_dom_EventListenerImpl_twkDispatchEvent+0x2c5fa
C  [libjfxwebkit.dylib+0xde944f]  JSValueIsObjectOfClass+0x5088f
C  [libjfxwebkit.dylib+0xde9958]  JSValueIsObjectOfClass+0x50d98
C  [libjfxwebkit.dylib+0xdf2816]  JSValueIsObjectOfClass+0x59c56
C  [libjfxwebkit.dylib+0xdf00e2]  JSValueIsObjectOfClass+0x57522
C  [libjfxwebkit.dylib+0xdefb59]  JSValueIsObjectOfClass+0x56f99
C  [CoreFoundation+0x8ebb4]  __CFRUNLOOP_IS_CALLING_OUT_TO_A_TIMER_CALLBACK_FUNCTION__+0x14
C  [CoreFoundation+0x8e827]  __CFRunLoopDoTimer+0x447
C  [CoreFoundation+0x8e32a]  __CFRunLoopDoTimers+0x15a
C  [CoreFoundation+0x8592b]  __CFRunLoopRun+0x97b
C  [CoreFoundation+0x84d23]  CFRunLoopRunSpecific+0x1e3
C  [java+0x6463]  CreateExecutionEnvironment+0x367
C  [java+0x21ac]  JLI_Launch+0x7a0
C  [java+0x84c0]  main+0x65
C  [java+0x1a04]  start+0x34


---------------  P R O C E S S  ---------------

VM state:not at safepoint (normal execution)

VM Mutex/Monitor currently owned by a thread: None

Heap:
 PSYoungGen      total 482816K, used 84568K [0x000000076ab00000, 0x000000078bf00000, 0x00000007c0000000)
  eden space 441856K, 9% used [0x000000076ab00000,0x000000076d59ab38,0x0000000785a80000)
  from space 40960K, 99% used [0x0000000788980000,0x000000078b17b770,0x000000078b180000)
  to   space 48128K, 0% used [0x0000000785a80000,0x0000000785a80000,0x0000000788980000)
 ParOldGen       total 164864K, used 65117K [0x00000006c0000000, 0x00000006ca100000, 0x000000076ab00000)
  object space 164864K, 39% used [0x00000006c0000000,0x00000006c3f97640,0x00000006ca100000)
 Metaspace       used 40266K, capacity 41942K, committed 42200K, reserved 1085440K
  class space    used 5255K, capacity 5556K, committed 5632K, reserved 1048576K

Card table byte_map: [0x000000010333a000,0x0000000103b3b000] byte_map_base: 0x00000000ffd3a000

Marking Bits: (ParMarkBitMap*) 0x00000001028c27a0
 Begin Bits: [0x0000000104091000, 0x0000000108091000)
 End Bits:   [0x0000000108091000, 0x000000010c091000)

Polling page: 0x0000000100fb7000

CodeCache: size=245760Kb used=24863Kb max_used=24876Kb free=220896Kb
 bounds [0x0000000110471000, 0x0000000111ce1000, 0x000000011f471000]
 total_blobs=8462 nmethods=7574 adapters=799
 compilation: enabled

Compilation events (10 events):
Event: 136.805 Thread 0x00007fc696846800 nmethod 8972 0x0000000111cd0190 code [0x0000000111cd0300, 0x0000000111cd0858]
Event: 136.806 Thread 0x00007fc696845800 nmethod 8977 0x0000000111ccdb10 code [0x0000000111ccdce0, 0x0000000111cce518]
Event: 136.815 Thread 0x00007fc696852000 8981       3       java.util.Arrays::equals (78 bytes)
Event: 136.816 Thread 0x00007fc696852000 nmethod 8981 0x0000000111cc9d50 code [0x0000000111cc9ee0, 0x0000000111cca3c8]
Event: 136.816 Thread 0x00007fc696852000 8982   !   3       java.lang.invoke.CallSite::makeSite (457 bytes)
Event: 136.816 Thread 0x00007fc695003000 8984       4       java.util.HashMap::removeNode (291 bytes)
Event: 136.819 Thread 0x00007fc696852000 nmethod 8982 0x0000000111cd2ad0 code [0x0000000111cd30c0, 0x0000000111cd7c68]
Event: 136.819 Thread 0x00007fc696852000 8983       3       java.lang.invoke.Invokers::callSiteForm (295 bytes)
Event: 136.820 Thread 0x00007fc696852000 nmethod 8983 0x0000000111cdb050 code [0x0000000111cdb300, 0x0000000111cdca98]
Event: 136.823 Thread 0x00007fc695003000 nmethod 8984 0x0000000111cdd7d0 code [0x0000000111cdd980, 0x0000000111cde1d8]

GC Heap History (10 events):
Event: 52.641 GC heap before
{Heap before GC invocations=6 (full 1):
 PSYoungGen      total 134656K, used 134648K [0x000000076ab00000, 0x0000000774000000, 0x00000007c0000000)
  eden space 123904K, 100% used [0x000000076ab00000,0x0000000772400000,0x0000000772400000)
  from space 10752K, 99% used [0x0000000773580000,0x0000000773ffe020,0x0000000774000000)
  to   space 10752K, 0% used [0x0000000772b00000,0x0000000772b00000,0x0000000773580000)
 ParOldGen       total 138752K, used 38778K [0x00000006c0000000, 0x00000006c8780000, 0x000000076ab00000)
  object space 138752K, 27% used [0x00000006c0000000,0x00000006c25dea88,0x00000006c8780000)
 Metaspace       used 29390K, capacity 30772K, committed 31104K, reserved 1075200K
  class space    used 4092K, capacity 4379K, committed 4480K, reserved 1048576K
Event: 52.664 GC heap after
Heap after GC invocations=6 (full 1):
 PSYoungGen      total 141824K, used 10744K [0x000000076ab00000, 0x000000077d580000, 0x00000007c0000000)
  eden space 131072K, 0% used [0x000000076ab00000,0x000000076ab00000,0x0000000772b00000)
  from space 10752K, 99% used [0x0000000772b00000,0x000000077357e020,0x0000000773580000)
  to   space 37888K, 0% used [0x000000077b080000,0x000000077b080000,0x000000077d580000)
 ParOldGen       total 138752K, used 52129K [0x00000006c0000000, 0x00000006c8780000, 0x000000076ab00000)
  object space 138752K, 37% used [0x00000006c0000000,0x00000006c32e87b8,0x00000006c8780000)
 Metaspace       used 29390K, capacity 30772K, committed 31104K, reserved 1075200K
  class space    used 4092K, capacity 4379K, committed 4480K, reserved 1048576K
}
Event: 52.772 GC heap before
{Heap before GC invocations=7 (full 1):
 PSYoungGen      total 141824K, used 141816K [0x000000076ab00000, 0x000000077d580000, 0x00000007c0000000)
  eden space 131072K, 100% used [0x000000076ab00000,0x0000000772b00000,0x0000000772b00000)
  from space 10752K, 99% used [0x0000000772b00000,0x000000077357e020,0x0000000773580000)
  to   space 37888K, 0% used [0x000000077b080000,0x000000077b080000,0x000000077d580000)
 ParOldGen       total 138752K, used 52129K [0x00000006c0000000, 0x00000006c8780000, 0x000000076ab00000)
  object space 138752K, 37% used [0x00000006c0000000,0x00000006c32e87b8,0x00000006c8780000)
 Metaspace       used 29395K, capacity 30772K, committed 31104K, reserved 1075200K
  class space    used 4092K, capacity 4379K, committed 4480K, reserved 1048576K
Event: 52.788 GC heap after
Heap after GC invocations=7 (full 1):
 PSYoungGen      total 269824K, used 20240K [0x000000076ab00000, 0x000000077ea80000, 0x00000007c0000000)
  eden space 231936K, 0% used [0x000000076ab00000,0x000000076ab00000,0x0000000778d80000)
  from space 37888K, 53% used [0x000000077b080000,0x000000077c444030,0x000000077d580000)
  to   space 35840K, 0% used [0x0000000778d80000,0x0000000778d80000,0x000000077b080000)
 ParOldGen       total 138752K, used 52137K [0x00000006c0000000, 0x00000006c8780000, 0x000000076ab00000)
  object space 138752K, 37% used [0x00000006c0000000,0x00000006c32ea7b8,0x00000006c8780000)
 Metaspace       used 29395K, capacity 30772K, committed 31104K, reserved 1075200K
  class space    used 4092K, capacity 4379K, committed 4480K, reserved 1048576K
}
Event: 67.878 GC heap before
{Heap before GC invocations=8 (full 1):
 PSYoungGen      total 269824K, used 111139K [0x000000076ab00000, 0x000000077ea80000, 0x00000007c0000000)
  eden space 231936K, 39% used [0x000000076ab00000,0x00000007703c4ce0,0x0000000778d80000)
  from space 37888K, 53% used [0x000000077b080000,0x000000077c444030,0x000000077d580000)
  to   space 35840K, 0% used [0x0000000778d80000,0x0000000778d80000,0x000000077b080000)
 ParOldGen       total 138752K, used 52137K [0x00000006c0000000, 0x00000006c8780000, 0x000000076ab00000)
  object space 138752K, 37% used [0x00000006c0000000,0x00000006c32ea7b8,0x00000006c8780000)
 Metaspace       used 33874K, capacity 35356K, committed 35416K, reserved 1079296K
  class space    used 4646K, capacity 4947K, committed 4992K, reserved 1048576K
Event: 67.896 GC heap after
Heap after GC invocations=8 (full 1):
 PSYoungGen      total 267776K, used 34762K [0x000000076ab00000, 0x000000078b180000, 0x00000007c0000000)
  eden space 231936K, 0% used [0x000000076ab00000,0x000000076ab00000,0x0000000778d80000)
  from space 35840K, 96% used [0x0000000778d80000,0x000000077af72ad0,0x000000077b080000)
  to   space 40960K, 0% used [0x0000000788980000,0x0000000788980000,0x000000078b180000)
 ParOldGen       total 138752K, used 52145K [0x00000006c0000000, 0x00000006c8780000, 0x000000076ab00000)
  object space 138752K, 37% used [0x00000006c0000000,0x00000006c32ec7b8,0x00000006c8780000)
 Metaspace       used 33874K, capacity 35356K, committed 35416K, reserved 1079296K
  class space    used 4646K, capacity 4947K, committed 4992K, reserved 1048576K
}
Event: 67.896 GC heap before
{Heap before GC invocations=9 (full 2):
 PSYoungGen      total 267776K, used 34762K [0x000000076ab00000, 0x000000078b180000, 0x00000007c0000000)
  eden space 231936K, 0% used [0x000000076ab00000,0x000000076ab00000,0x0000000778d80000)
  from space 35840K, 96% used [0x0000000778d80000,0x000000077af72ad0,0x000000077b080000)
  to   space 40960K, 0% used [0x0000000788980000,0x0000000788980000,0x000000078b180000)
 ParOldGen       total 138752K, used 52145K [0x00000006c0000000, 0x00000006c8780000, 0x000000076ab00000)
  object space 138752K, 37% used [0x00000006c0000000,0x00000006c32ec7b8,0x00000006c8780000)
 Metaspace       used 33874K, capacity 35356K, committed 35416K, reserved 1079296K
  class space    used 4646K, capacity 4947K, committed 4992K, reserved 1048576K
Event: 67.960 GC heap after
Heap after GC invocations=9 (full 2):
 PSYoungGen      total 267776K, used 0K [0x000000076ab00000, 0x000000078b180000, 0x00000007c0000000)
  eden space 231936K, 0% used [0x000000076ab00000,0x000000076ab00000,0x0000000778d80000)
  from space 35840K, 0% used [0x0000000778d80000,0x0000000778d80000,0x000000077b080000)
  to   space 40960K, 0% used [0x0000000788980000,0x0000000788980000,0x000000078b180000)
 ParOldGen       total 164864K, used 62563K [0x00000006c0000000, 0x00000006ca100000, 0x000000076ab00000)
  object space 164864K, 37% used [0x00000006c0000000,0x00000006c3d18e68,0x00000006ca100000)
 Metaspace       used 33874K, capacity 35356K, committed 35416K, reserved 1079296K
  class space    used 4646K, capacity 4947K, committed 4992K, reserved 1048576K
}
Event: 136.729 GC heap before
{Heap before GC invocations=10 (full 2):
 PSYoungGen      total 267776K, used 231936K [0x000000076ab00000, 0x000000078b180000, 0x00000007c0000000)
  eden space 231936K, 100% used [0x000000076ab00000,0x0000000778d80000,0x0000000778d80000)
  from space 35840K, 0% used [0x0000000778d80000,0x0000000778d80000,0x000000077b080000)
  to   space 40960K, 0% used [0x0000000788980000,0x0000000788980000,0x000000078b180000)
 ParOldGen       total 164864K, used 62563K [0x00000006c0000000, 0x00000006ca100000, 0x000000076ab00000)
  object space 164864K, 37% used [0x00000006c0000000,0x00000006c3d18e68,0x00000006ca100000)
 Metaspace       used 39357K, capacity 41008K, committed 41304K, reserved 1085440K
  class space    used 5122K, capacity 5421K, committed 5504K, reserved 1048576K
Event: 136.758 GC heap after
Heap after GC invocations=10 (full 2):
 PSYoungGen      total 482816K, used 40941K [0x000000076ab00000, 0x000000078bf00000, 0x00000007c0000000)
  eden space 441856K, 0% used [0x000000076ab00000,0x000000076ab00000,0x0000000785a80000)
  from space 40960K, 99% used [0x0000000788980000,0x000000078b17b770,0x000000078b180000)
  to   space 48128K, 0% used [0x0000000785a80000,0x0000000785a80000,0x0000000788980000)
 ParOldGen       total 164864K, used 65117K [0x00000006c0000000, 0x00000006ca100000, 0x000000076ab00000)
  object space 164864K, 39% used [0x00000006c0000000,0x00000006c3f97640,0x00000006ca100000)
 Metaspace       used 39357K, capacity 41008K, committed 41304K, reserved 1085440K
  class space    used 5122K, capacity 5421K, committed 5504K, reserved 1048576K
}

Deoptimization events (10 events):
Event: 136.779 Thread 0x00007fc6969bf800 Uncommon trap: reason=bimorphic action=maybe_recompile pc=0x0000000111210a34 method=java.util.concurrent.locks.AbstractQueuedSynchronizer.release(I)Z @ 2
Event: 136.785 Thread 0x00007fc6969bf800 Uncommon trap: reason=array_check action=maybe_recompile pc=0x0000000110b74b14 method=java.util.TimSort.binarySort([Ljava/lang/Object;IIILjava/util/Comparator;)V @ 183
Event: 136.786 Thread 0x00007fc6969bf800 Uncommon trap: reason=array_check action=maybe_recompile pc=0x0000000110b7492c method=java.util.TimSort.binarySort([Ljava/lang/Object;IIILjava/util/Comparator;)V @ 215
Event: 136.788 Thread 0x00007fc6969bf800 Uncommon trap: reason=array_check action=maybe_recompile pc=0x0000000110b7492c method=java.util.TimSort.binarySort([Ljava/lang/Object;IIILjava/util/Comparator;)V @ 215
Event: 136.789 Thread 0x00007fc6969bf800 Uncommon trap: reason=array_check action=maybe_recompile pc=0x0000000110b74b14 method=java.util.TimSort.binarySort([Ljava/lang/Object;IIILjava/util/Comparator;)V @ 183
Event: 136.812 Thread 0x00007fc6969bf800 Uncommon trap: reason=class_check action=maybe_recompile pc=0x0000000110b3fd04 method=java.util.HashMap.removeNode(ILjava/lang/Object;Ljava/lang/Object;ZZ)Ljava/util/HashMap$Node; @ 68
Event: 136.813 Thread 0x00007fc6969bf800 Uncommon trap: reason=class_check action=maybe_recompile pc=0x0000000110b3fd04 method=java.util.HashMap.removeNode(ILjava/lang/Object;Ljava/lang/Object;ZZ)Ljava/util/HashMap$Node; @ 68
Event: 136.813 Thread 0x00007fc6969bf800 Uncommon trap: reason=class_check action=maybe_recompile pc=0x0000000110b3fd04 method=java.util.HashMap.removeNode(ILjava/lang/Object;Ljava/lang/Object;ZZ)Ljava/util/HashMap$Node; @ 68
Event: 136.813 Thread 0x00007fc6969bf800 Uncommon trap: reason=class_check action=maybe_recompile pc=0x0000000110b3fd04 method=java.util.HashMap.removeNode(ILjava/lang/Object;Ljava/lang/Object;ZZ)Ljava/util/HashMap$Node; @ 68
Event: 136.816 Thread 0x00007fc6969ac000 Uncommon trap: reason=unstable_if action=reinterpret pc=0x0000000110fabbfc method=java.util.concurrent.locks.AbstractQueuedSynchronizer$ConditionObject.checkInterruptWhileWaiting(Ljava/util/concurrent/locks/AbstractQueuedSynchronizer$Node;)I @ 3

Internal exceptions (10 events):
Event: 131.500 Thread 0x00007fc693214800 Exception <a 'java/net/SocketTimeoutException': Receive timed out> (0x000000076e0c73f0) thrown at [/Users/java_re/workspace/8-2-build-macosx-x86_64/jdk8u51/3951/hotspot/src/share/vm/prims/jni.cpp, line 735]
Event: 132.500 Thread 0x00007fc693214800 Exception <a 'java/net/SocketTimeoutException': Receive timed out> (0x000000076e0c75f8) thrown at [/Users/java_re/workspace/8-2-build-macosx-x86_64/jdk8u51/3951/hotspot/src/share/vm/prims/jni.cpp, line 735]
Event: 133.500 Thread 0x00007fc693214800 Exception <a 'java/net/SocketTimeoutException': Receive timed out> (0x000000076e0c7800) thrown at [/Users/java_re/workspace/8-2-build-macosx-x86_64/jdk8u51/3951/hotspot/src/share/vm/prims/jni.cpp, line 735]
Event: 134.504 Thread 0x00007fc693214800 Exception <a 'java/net/SocketTimeoutException': Receive timed out> (0x000000076e0c7a08) thrown at [/Users/java_re/workspace/8-2-build-macosx-x86_64/jdk8u51/3951/hotspot/src/share/vm/prims/jni.cpp, line 735]
Event: 134.793 Thread 0x00007fc6969bf800 Exception <a 'java/io/FileNotFoundException'> (0x0000000776f4cf80) thrown at [/Users/java_re/workspace/8-2-build-macosx-x86_64/jdk8u51/3951/hotspot/src/share/vm/prims/jni.cpp, line 709]
Event: 135.506 Thread 0x00007fc693214800 Exception <a 'java/net/SocketTimeoutException': Receive timed out> (0x000000076e0c7c10) thrown at [/Users/java_re/workspace/8-2-build-macosx-x86_64/jdk8u51/3951/hotspot/src/share/vm/prims/jni.cpp, line 735]
Event: 136.510 Thread 0x00007fc693214800 Exception <a 'java/net/SocketTimeoutException': Receive timed out> (0x000000076e0c7e18) thrown at [/Users/java_re/workspace/8-2-build-macosx-x86_64/jdk8u51/3951/hotspot/src/share/vm/prims/jni.cpp, line 735]
Event: 136.719 Thread 0x00007fc693214800 Exception <a 'java/net/SocketException': Socket closed> (0x000000076e0c8018) thrown at [/Users/java_re/workspace/8-2-build-macosx-x86_64/jdk8u51/3951/hotspot/src/share/vm/prims/jni.cpp, line 735]
Event: 136.728 Thread 0x00007fc693213800 Exception <a 'java/lang/InterruptedException': sleep interrupted> (0x000000076ab00730) thrown at [/Users/java_re/workspace/8-2-build-macosx-x86_64/jdk8u51/3951/hotspot/src/share/vm/prims/jvm.cpp, line 3211]
Event: 136.761 Thread 0x00007fc69691b800 Exception <a 'java/lang/InterruptedException': sleep interrupted> (0x000000076cc9c868) thrown at [/Users/java_re/workspace/8-2-build-macosx-x86_64/jdk8u51/3951/hotspot/src/share/vm/prims/jvm.cpp, line 3211]

Events (10 events):
Event: 136.816 Thread 0x00007fc6969ac000 Uncommon trap: trap_request=0xffffff65 fr.pc=0x0000000110fabbfc
Event: 136.816 Thread 0x00007fc6969ac000 DEOPT PACKING pc=0x0000000110fabbfc sp=0x00007000072665a0
Event: 136.816 Thread 0x00007fc6969ac000 DEOPT UNPACKING pc=0x0000000110476229 sp=0x0000700007266518 mode 2
Event: 136.816 loading class com/sun/javafx/tk/quantum/QuantumToolkit
Event: 136.816 loading class com/sun/javafx/tk/quantum/QuantumToolkit done
Event: 136.816 Thread 0x00007fc6969ac000 Thread exited: 0x00007fc6969ac000
Event: 136.817 Thread 0x00007fc693197000 Thread exited: 0x00007fc693197000
Event: 136.817 Thread 0x00007fc695005000 Thread exited: 0x00007fc695005000
Event: 136.817 Thread 0x00007fc696063800 Thread added: 0x00007fc696063800
Event: 136.817 Thread 0x00007fc6969bf800 Thread exited: 0x00007fc6969bf800


Dynamic libraries:
0x000000000c907000 	/System/Library/Frameworks/Cocoa.framework/Versions/A/Cocoa
0x000000000c907000 	/System/Library/Frameworks/Security.framework/Versions/A/Security
0x000000000c907000 	/System/Library/Frameworks/ApplicationServices.framework/Versions/A/ApplicationServices
0x000000000c907000 	/usr/lib/libz.1.dylib
0x000000000c907000 	/usr/lib/libSystem.B.dylib
0x000000000c907000 	/usr/lib/libobjc.A.dylib
0x000000000c907000 	/System/Library/Frameworks/CoreFoundation.framework/Versions/A/CoreFoundation
0x000000000c907000 	/System/Library/Frameworks/Foundation.framework/Versions/C/Foundation
0x000000000c907000 	/System/Library/Frameworks/AppKit.framework/Versions/C/AppKit
0x000000000c907000 	/System/Library/Frameworks/CoreData.framework/Versions/A/CoreData
0x000000000c907000 	/System/Library/PrivateFrameworks/RemoteViewServices.framework/Versions/A/RemoteViewServices
0x000000000c907000 	/System/Library/PrivateFrameworks/UIFoundation.framework/Versions/A/UIFoundation
0x000000000c907000 	/System/Library/PrivateFrameworks/DFRFoundation.framework/Versions/A/DFRFoundation
0x000000000c907000 	/System/Library/Frameworks/Metal.framework/Versions/A/Metal
0x000000000c907000 	/System/Library/PrivateFrameworks/DesktopServicesPriv.framework/Versions/A/DesktopServicesPriv
0x000000000c907000 	/usr/lib/libenergytrace.dylib
0x000000000c907000 	/System/Library/PrivateFrameworks/SkyLight.framework/Versions/A/SkyLight
0x000000000c907000 	/System/Library/Frameworks/CoreGraphics.framework/Versions/A/CoreGraphics
0x000000000c907000 	/usr/lib/libScreenReader.dylib
0x000000000c907000 	/System/Library/Frameworks/Accelerate.framework/Versions/A/Accelerate
0x000000000c907000 	/System/Library/Frameworks/IOSurface.framework/Versions/A/IOSurface
0x000000000c907000 	/System/Library/Frameworks/AudioToolbox.framework/Versions/A/AudioToolbox
0x000000000c907000 	/System/Library/Frameworks/AudioUnit.framework/Versions/A/AudioUnit
0x000000000c907000 	/System/Library/PrivateFrameworks/DataDetectorsCore.framework/Versions/A/DataDetectorsCore
0x000000000c907000 	/System/Library/Frameworks/Carbon.framework/Versions/A/Frameworks/HIToolbox.framework/Versions/A/HIToolbox
0x000000000c907000 	/usr/lib/libicucore.A.dylib
0x000000000c907000 	/System/Library/Frameworks/QuartzCore.framework/Versions/A/QuartzCore
0x000000000c907000 	/System/Library/Frameworks/Carbon.framework/Versions/A/Frameworks/SpeechRecognition.framework/Versions/A/SpeechRecognition
0x000000000c907000 	/usr/lib/libauto.dylib
0x000000000c907000 	/usr/lib/libxml2.2.dylib
0x000000000c907000 	/System/Library/PrivateFrameworks/CoreUI.framework/Versions/A/CoreUI
0x000000000c907000 	/System/Library/Frameworks/CoreAudio.framework/Versions/A/CoreAudio
0x000000000c907000 	/System/Library/Frameworks/DiskArbitration.framework/Versions/A/DiskArbitration
0x000000000c907000 	/usr/lib/liblangid.dylib
0x000000000c907000 	/System/Library/PrivateFrameworks/MultitouchSupport.framework/Versions/A/MultitouchSupport
0x000000000c907000 	/System/Library/Frameworks/IOKit.framework/Versions/A/IOKit
0x000000000c907000 	/usr/lib/libDiagnosticMessagesClient.dylib
0x000000000c907000 	/System/Library/Frameworks/CoreServices.framework/Versions/A/CoreServices
0x000000000c907000 	/System/Library/PrivateFrameworks/PerformanceAnalysis.framework/Versions/A/PerformanceAnalysis
0x000000000c907000 	/System/Library/Frameworks/OpenGL.framework/Versions/A/OpenGL
0x000000000c907000 	/System/Library/Frameworks/ColorSync.framework/Versions/A/ColorSync
0x000000000c907000 	/System/Library/Frameworks/CoreImage.framework/Versions/A/CoreImage
0x000000000c907000 	/System/Library/Frameworks/CoreText.framework/Versions/A/CoreText
0x000000000c907000 	/System/Library/Frameworks/ImageIO.framework/Versions/A/ImageIO
0x000000000c907000 	/System/Library/PrivateFrameworks/Backup.framework/Versions/A/Backup
0x000000000c907000 	/usr/lib/libarchive.2.dylib
0x000000000c907000 	/System/Library/Frameworks/CFNetwork.framework/Versions/A/CFNetwork
0x000000000c907000 	/System/Library/Frameworks/SystemConfiguration.framework/Versions/A/SystemConfiguration
0x000000000c907000 	/usr/lib/libCRFSuite.dylib
0x000000000c907000 	/usr/lib/libc++.1.dylib
0x000000000c907000 	/usr/lib/libc++abi.dylib
0x000000000c907000 	/usr/lib/system/libcache.dylib
0x000000000c907000 	/usr/lib/system/libcommonCrypto.dylib
0x000000000c907000 	/usr/lib/system/libcompiler_rt.dylib
0x000000000c907000 	/usr/lib/system/libcopyfile.dylib
0x000000000c907000 	/usr/lib/system/libcorecrypto.dylib
0x000000000c907000 	/usr/lib/system/libdispatch.dylib
0x000000000c907000 	/usr/lib/system/libdyld.dylib
0x000000000c907000 	/usr/lib/system/libkeymgr.dylib
0x000000000c907000 	/usr/lib/system/liblaunch.dylib
0x000000000c907000 	/usr/lib/system/libmacho.dylib
0x000000000c907000 	/usr/lib/system/libquarantine.dylib
0x000000000c907000 	/usr/lib/system/libremovefile.dylib
0x000000000c907000 	/usr/lib/system/libsystem_asl.dylib
0x000000000c907000 	/usr/lib/system/libsystem_blocks.dylib
0x000000000c907000 	/usr/lib/system/libsystem_c.dylib
0x000000000c907000 	/usr/lib/system/libsystem_configuration.dylib
0x000000000c907000 	/usr/lib/system/libsystem_coreservices.dylib
0x000000000c907000 	/usr/lib/system/libsystem_darwin.dylib
0x000000000c907000 	/usr/lib/system/libsystem_dnssd.dylib
0x000000000c907000 	/usr/lib/system/libsystem_info.dylib
0x000000000c907000 	/usr/lib/system/libsystem_m.dylib
0x000000000c907000 	/usr/lib/system/libsystem_malloc.dylib
0x000000000c907000 	/usr/lib/system/libsystem_network.dylib
0x000000000c907000 	/usr/lib/system/libsystem_networkextension.dylib
0x000000000c907000 	/usr/lib/system/libsystem_notify.dylib
0x000000000c907000 	/usr/lib/system/libsystem_sandbox.dylib
0x000000000c907000 	/usr/lib/system/libsystem_secinit.dylib
0x000000000c907000 	/usr/lib/system/libsystem_kernel.dylib
0x000000000c907000 	/usr/lib/system/libsystem_platform.dylib
0x000000000c907000 	/usr/lib/system/libsystem_pthread.dylib
0x000000000c907000 	/usr/lib/system/libsystem_symptoms.dylib
0x000000000c907000 	/usr/lib/system/libsystem_trace.dylib
0x000000000c907000 	/usr/lib/system/libunwind.dylib
0x000000000c907000 	/usr/lib/system/libxpc.dylib
0x000000000c907000 	/usr/lib/closure/libclosured.dylib
0x000000000c907000 	/usr/lib/libbsm.0.dylib
0x000000000c907000 	/usr/lib/system/libkxld.dylib
0x000000000c907000 	/usr/lib/libOpenScriptingUtil.dylib
0x000000000c907000 	/usr/lib/libcoretls.dylib
0x000000000c907000 	/usr/lib/libcoretls_cfhelpers.dylib
0x000000000c907000 	/usr/lib/libpam.2.dylib
0x000000000c907000 	/usr/lib/libsqlite3.dylib
0x000000000c907000 	/usr/lib/libxar.1.dylib
0x000000000c907000 	/usr/lib/libbz2.1.0.dylib
0x000000000c907000 	/usr/lib/liblzma.5.dylib
0x000000000c907000 	/usr/lib/libnetwork.dylib
0x000000000c907000 	/usr/lib/libapple_nghttp2.dylib
0x000000000c907000 	/usr/lib/libpcap.A.dylib
0x000000000c907000 	/usr/lib/libboringssl.dylib
0x000000000c907000 	/usr/lib/libusrtcp.dylib
0x000000000c907000 	/usr/lib/libapple_crypto.dylib
0x000000000c907000 	/System/Library/Frameworks/CoreServices.framework/Versions/A/Frameworks/FSEvents.framework/Versions/A/FSEvents
0x000000000c907000 	/System/Library/Frameworks/CoreServices.framework/Versions/A/Frameworks/CarbonCore.framework/Versions/A/CarbonCore
0x000000000c907000 	/System/Library/Frameworks/CoreServices.framework/Versions/A/Frameworks/Metadata.framework/Versions/A/Metadata
0x000000000c907000 	/System/Library/Frameworks/CoreServices.framework/Versions/A/Frameworks/OSServices.framework/Versions/A/OSServices
0x000000000c907000 	/System/Library/Frameworks/CoreServices.framework/Versions/A/Frameworks/SearchKit.framework/Versions/A/SearchKit
0x000000000c907000 	/System/Library/Frameworks/CoreServices.framework/Versions/A/Frameworks/AE.framework/Versions/A/AE
0x000000000c907000 	/System/Library/Frameworks/CoreServices.framework/Versions/A/Frameworks/LaunchServices.framework/Versions/A/LaunchServices
0x000000000c907000 	/System/Library/Frameworks/CoreServices.framework/Versions/A/Frameworks/DictionaryServices.framework/Versions/A/DictionaryServices
0x000000000c907000 	/System/Library/Frameworks/CoreServices.framework/Versions/A/Frameworks/SharedFileList.framework/Versions/A/SharedFileList
0x000000000c907000 	/System/Library/Frameworks/NetFS.framework/Versions/A/NetFS
0x000000000c907000 	/System/Library/PrivateFrameworks/NetAuth.framework/Versions/A/NetAuth
0x000000000c907000 	/System/Library/PrivateFrameworks/login.framework/Versions/A/Frameworks/loginsupport.framework/Versions/A/loginsupport
0x000000000c907000 	/System/Library/PrivateFrameworks/TCC.framework/Versions/A/TCC
0x000000000c907000 	/usr/lib/libmecabra.dylib
0x000000000c907000 	/System/Library/Frameworks/ApplicationServices.framework/Versions/A/Frameworks/ATS.framework/Versions/A/ATS
0x000000000c907000 	/System/Library/Frameworks/ApplicationServices.framework/Versions/A/Frameworks/ColorSyncLegacy.framework/Versions/A/ColorSyncLegacy
0x000000000c907000 	/System/Library/Frameworks/ApplicationServices.framework/Versions/A/Frameworks/HIServices.framework/Versions/A/HIServices
0x000000000c907000 	/System/Library/Frameworks/ApplicationServices.framework/Versions/A/Frameworks/LangAnalysis.framework/Versions/A/LangAnalysis
0x000000000c907000 	/System/Library/Frameworks/ApplicationServices.framework/Versions/A/Frameworks/PrintCore.framework/Versions/A/PrintCore
0x000000000c907000 	/System/Library/Frameworks/ApplicationServices.framework/Versions/A/Frameworks/QD.framework/Versions/A/QD
0x000000000c907000 	/System/Library/Frameworks/ApplicationServices.framework/Versions/A/Frameworks/SpeechSynthesis.framework/Versions/A/SpeechSynthesis
0x000000000c907000 	/System/Library/Frameworks/CoreDisplay.framework/Versions/A/CoreDisplay
0x000000000c907000 	/System/Library/Frameworks/Accelerate.framework/Versions/A/Frameworks/vImage.framework/Versions/A/vImage
0x000000000c907000 	/System/Library/Frameworks/Accelerate.framework/Versions/A/Frameworks/vecLib.framework/Versions/A/vecLib
0x000000000c907000 	/System/Library/Frameworks/Accelerate.framework/Versions/A/Frameworks/vecLib.framework/Versions/A/libvDSP.dylib
0x000000000c907000 	/System/Library/Frameworks/Accelerate.framework/Versions/A/Frameworks/vecLib.framework/Versions/A/libBNNS.dylib
0x000000000c907000 	/System/Library/Frameworks/Accelerate.framework/Versions/A/Frameworks/vecLib.framework/Versions/A/libQuadrature.dylib
0x000000000c907000 	/System/Library/Frameworks/Accelerate.framework/Versions/A/Frameworks/vecLib.framework/Versions/A/libvMisc.dylib
0x000000000c907000 	/System/Library/Frameworks/Accelerate.framework/Versions/A/Frameworks/vecLib.framework/Versions/A/libLAPACK.dylib
0x000000000c907000 	/System/Library/Frameworks/Accelerate.framework/Versions/A/Frameworks/vecLib.framework/Versions/A/libBLAS.dylib
0x000000000c907000 	/System/Library/Frameworks/Accelerate.framework/Versions/A/Frameworks/vecLib.framework/Versions/A/libLinearAlgebra.dylib
0x000000000c907000 	/System/Library/Frameworks/Accelerate.framework/Versions/A/Frameworks/vecLib.framework/Versions/A/libSparse.dylib
0x000000000c907000 	/System/Library/Frameworks/Accelerate.framework/Versions/A/Frameworks/vecLib.framework/Versions/A/libSparseBLAS.dylib
0x000000000c907000 	/System/Library/PrivateFrameworks/IOAccelerator.framework/Versions/A/IOAccelerator
0x000000000c907000 	/System/Library/PrivateFrameworks/IOPresentment.framework/Versions/A/IOPresentment
0x000000000c907000 	/System/Library/PrivateFrameworks/DSExternalDisplay.framework/Versions/A/DSExternalDisplay
0x000000000c907000 	/System/Library/Frameworks/OpenGL.framework/Versions/A/Libraries/libCoreFSCache.dylib
0x000000000c907000 	/System/Library/Frameworks/CoreVideo.framework/Versions/A/CoreVideo
0x000000000c907000 	/System/Library/PrivateFrameworks/GraphVisualizer.framework/Versions/A/GraphVisualizer
0x000000000c907000 	/System/Library/Frameworks/MetalPerformanceShaders.framework/Versions/A/MetalPerformanceShaders
0x000000000c907000 	/usr/lib/libFosl_dynamic.dylib
0x000000000c907000 	/System/Library/PrivateFrameworks/FaceCore.framework/Versions/A/FaceCore
0x000000000c907000 	/System/Library/Frameworks/OpenCL.framework/Versions/A/OpenCL
0x000000000c907000 	/usr/lib/libcompression.dylib
0x000000000c907000 	/System/Library/Frameworks/ApplicationServices.framework/Versions/A/Frameworks/ATS.framework/Versions/A/Resources/libFontParser.dylib
0x000000000c907000 	/System/Library/Frameworks/ApplicationServices.framework/Versions/A/Frameworks/ATS.framework/Versions/A/Resources/libFontRegistry.dylib
0x000000000c907000 	/System/Library/Frameworks/ImageIO.framework/Versions/A/Resources/libJPEG.dylib
0x000000000c907000 	/System/Library/Frameworks/ImageIO.framework/Versions/A/Resources/libTIFF.dylib
0x000000000c907000 	/System/Library/Frameworks/ImageIO.framework/Versions/A/Resources/libPng.dylib
0x000000000c907000 	/System/Library/Frameworks/ImageIO.framework/Versions/A/Resources/libGIF.dylib
0x000000000c907000 	/System/Library/Frameworks/ImageIO.framework/Versions/A/Resources/libJP2.dylib
0x000000000c907000 	/System/Library/Frameworks/ImageIO.framework/Versions/A/Resources/libRadiance.dylib
0x000000000c907000 	/System/Library/PrivateFrameworks/AppleJPEG.framework/Versions/A/AppleJPEG
0x000000000c907000 	/System/Library/PrivateFrameworks/MetalTools.framework/Versions/A/MetalTools
0x000000000c907000 	/System/Library/Frameworks/MetalPerformanceShaders.framework/Frameworks/MPSCore.framework/Versions/A/MPSCore
0x000000000c907000 	/System/Library/Frameworks/MetalPerformanceShaders.framework/Frameworks/MPSImage.framework/Versions/A/MPSImage
0x000000000c907000 	/System/Library/Frameworks/MetalPerformanceShaders.framework/Frameworks/MPSMatrix.framework/Versions/A/MPSMatrix
0x000000000c907000 	/System/Library/Frameworks/MetalPerformanceShaders.framework/Frameworks/MPSNeuralNetwork.framework/Versions/A/MPSNeuralNetwork
0x000000000c907000 	/System/Library/Frameworks/OpenGL.framework/Versions/A/Libraries/libGLU.dylib
0x000000000c907000 	/System/Library/Frameworks/OpenGL.framework/Versions/A/Libraries/libGFXShared.dylib
0x000000000c907000 	/System/Library/Frameworks/OpenGL.framework/Versions/A/Libraries/libGL.dylib
0x000000000c907000 	/System/Library/Frameworks/OpenGL.framework/Versions/A/Libraries/libGLImage.dylib
0x000000000c907000 	/System/Library/Frameworks/OpenGL.framework/Versions/A/Libraries/libCVMSPluginSupport.dylib
0x000000000c907000 	/System/Library/Frameworks/OpenGL.framework/Versions/A/Libraries/libCoreVMClient.dylib
0x000000000c907000 	/usr/lib/libcups.2.dylib
0x000000000c907000 	/System/Library/Frameworks/Kerberos.framework/Versions/A/Kerberos
0x000000000c907000 	/System/Library/Frameworks/GSS.framework/Versions/A/GSS
0x000000000c907000 	/usr/lib/libresolv.9.dylib
0x000000000c907000 	/usr/lib/libiconv.2.dylib
0x000000000c907000 	/System/Library/PrivateFrameworks/Heimdal.framework/Versions/A/Heimdal
0x000000000c907000 	/usr/lib/libheimdal-asn1.dylib
0x000000000c907000 	/System/Library/Frameworks/OpenDirectory.framework/Versions/A/OpenDirectory
0x000000000c907000 	/System/Library/PrivateFrameworks/CommonAuth.framework/Versions/A/CommonAuth
0x000000000c907000 	/System/Library/Frameworks/OpenDirectory.framework/Versions/A/Frameworks/CFOpenDirectory.framework/Versions/A/CFOpenDirectory
0x000000000c907000 	/System/Library/Frameworks/SecurityFoundation.framework/Versions/A/SecurityFoundation
0x000000000c907000 	/System/Library/PrivateFrameworks/APFS.framework/Versions/A/APFS
0x000000000c907000 	/usr/lib/libutil.dylib
0x000000000c907000 	/System/Library/PrivateFrameworks/AppleSauce.framework/Versions/A/AppleSauce
0x000000000c907000 	/System/Library/PrivateFrameworks/LinguisticData.framework/Versions/A/LinguisticData
0x000000000c907000 	/usr/lib/libmarisa.dylib
0x000000000c907000 	/System/Library/PrivateFrameworks/Lexicon.framework/Versions/A/Lexicon
0x000000000c907000 	/usr/lib/libChineseTokenizer.dylib
0x000000000c907000 	/usr/lib/libcmph.dylib
0x000000000c907000 	/System/Library/PrivateFrameworks/LanguageModeling.framework/Versions/A/LanguageModeling
0x000000000c907000 	/System/Library/PrivateFrameworks/CoreEmoji.framework/Versions/A/CoreEmoji
0x000000000c907000 	/System/Library/Frameworks/ServiceManagement.framework/Versions/A/ServiceManagement
0x000000000c907000 	/System/Library/PrivateFrameworks/BackgroundTaskManagement.framework/Versions/A/BackgroundTaskManagement
0x000000000c907000 	/usr/lib/libxslt.1.dylib
0x000000000c907000 	/System/Library/Frameworks/Carbon.framework/Versions/A/Frameworks/Ink.framework/Versions/A/Ink
0x000000000c907000 	/System/Library/PrivateFrameworks/TextureIO.framework/Versions/A/TextureIO
0x000000000c907000 	/usr/lib/libate.dylib
0x000000000c907000 	/System/Library/PrivateFrameworks/CrashReporterSupport.framework/Versions/A/CrashReporterSupport
0x000000000c907000 	/System/Library/PrivateFrameworks/Sharing.framework/Versions/A/Sharing
0x000000000c907000 	/System/Library/PrivateFrameworks/IconServices.framework/Versions/A/IconServices
0x000000000c907000 	/System/Library/PrivateFrameworks/ProtocolBuffer.framework/Versions/A/ProtocolBuffer
0x000000000c907000 	/System/Library/PrivateFrameworks/Apple80211.framework/Versions/A/Apple80211
0x000000000c907000 	/System/Library/Frameworks/CoreWLAN.framework/Versions/A/CoreWLAN
0x000000000c907000 	/System/Library/PrivateFrameworks/CoreUtils.framework/Versions/A/CoreUtils
0x000000000c907000 	/System/Library/Frameworks/IOBluetooth.framework/Versions/A/IOBluetooth
0x000000000c907000 	/System/Library/PrivateFrameworks/CoreWiFi.framework/Versions/A/CoreWiFi
0x000000000c907000 	/System/Library/Frameworks/CoreBluetooth.framework/Versions/A/CoreBluetooth
0x000000000c907000 	/System/Library/PrivateFrameworks/SignpostNotification.framework/Versions/A/SignpostNotification
0x000000000c907000 	/System/Library/PrivateFrameworks/DebugSymbols.framework/Versions/A/DebugSymbols
0x000000000c907000 	/System/Library/PrivateFrameworks/CoreSymbolication.framework/Versions/A/CoreSymbolication
0x000000000c907000 	/System/Library/PrivateFrameworks/Symbolication.framework/Versions/A/Symbolication
0x000000000c907000 	/System/Library/PrivateFrameworks/AppleFSCompression.framework/Versions/A/AppleFSCompression
0x000000000c907000 	/System/Library/PrivateFrameworks/SpeechRecognitionCore.framework/Versions/A/SpeechRecognitionCore
0x0000000102000000 	/Library/Java/JavaVirtualMachines/jdk1.8.0_51.jdk/Contents/Home/jre/lib/server/libjvm.dylib
0x000000000c907000 	/usr/lib/libstdc++.6.0.9.dylib
0x0000000100f74000 	/Library/Java/JavaVirtualMachines/jdk1.8.0_51.jdk/Contents/Home/jre/lib/libverify.dylib
0x0000000100f82000 	/Library/Java/JavaVirtualMachines/jdk1.8.0_51.jdk/Contents/Home/jre/lib/libjava.dylib
0x0000000102f71000 	/Library/Java/JavaVirtualMachines/jdk1.8.0_51.jdk/Contents/Home/jre/lib/libzip.dylib
0x000000000c907000 	/System/Library/Frameworks/JavaVM.framework/Versions/A/Frameworks/JavaRuntimeSupport.framework/Versions/A/JavaRuntimeSupport
0x000000000c907000 	/System/Library/Frameworks/JavaVM.framework/Versions/A/Frameworks/JavaNativeFoundation.framework/Versions/A/JavaNativeFoundation
0x000000000c907000 	/System/Library/Frameworks/JavaVM.framework/Versions/A/JavaVM
0x000000000c907000 	/System/Library/Frameworks/Carbon.framework/Versions/A/Carbon
0x000000000c907000 	/System/Library/PrivateFrameworks/JavaLaunching.framework/Versions/A/JavaLaunching
0x000000000c907000 	/System/Library/Frameworks/Carbon.framework/Versions/A/Frameworks/CommonPanels.framework/Versions/A/CommonPanels
0x000000000c907000 	/System/Library/Frameworks/Carbon.framework/Versions/A/Frameworks/Help.framework/Versions/A/Help
0x000000000c907000 	/System/Library/Frameworks/Carbon.framework/Versions/A/Frameworks/ImageCapture.framework/Versions/A/ImageCapture
0x000000000c907000 	/System/Library/Frameworks/Carbon.framework/Versions/A/Frameworks/OpenScripting.framework/Versions/A/OpenScripting
0x000000000c907000 	/System/Library/Frameworks/Carbon.framework/Versions/A/Frameworks/Print.framework/Versions/A/Print
0x000000000c907000 	/System/Library/Frameworks/Carbon.framework/Versions/A/Frameworks/SecurityHI.framework/Versions/A/SecurityHI
0x000000010f0a9000 	/Library/Java/JavaVirtualMachines/jdk1.8.0_51.jdk/Contents/Home/jre/lib/libprism_es2.dylib
0x000000000c907000 	/System/Library/PrivateFrameworks/CoreServicesInternal.framework/Versions/A/CoreServicesInternal
0x000000000c907000 	/System/Library/Frameworks/OpenGL.framework/Versions/A/Resources/GLEngine.bundle/GLEngine
0x000000000c907000 	/System/Library/Frameworks/OpenGL.framework/Versions/A/Libraries/libGLProgrammability.dylib
0x000000010f152000 	/System/Library/Extensions/AppleIntelHD5000GraphicsGLDriver.bundle/Contents/MacOS/AppleIntelHD5000GraphicsGLDriver
0x000000000c907000 	/System/Library/PrivateFrameworks/GPUSupport.framework/Versions/A/Libraries/libGPUSupportMercury.dylib
0x000000000c907000 	/System/Library/Frameworks/OpenGL.framework/Versions/A/Resources/GLRendererFloat.bundle/GLRendererFloat
0x000000000c907000 	/System/Library/Frameworks/OpenCL.framework/Versions/A/Libraries/libcldcpuengine.dylib
0x000000000c907000 	/usr/lib/libcrypto.35.dylib
0x000000000c907000 	/System/Library/PrivateFrameworks/TrustEvaluationAgent.framework/Versions/A/TrustEvaluationAgent
0x000000010fce7000 	/Library/Java/JavaVirtualMachines/jdk1.8.0_51.jdk/Contents/Home/jre/lib/libglass.dylib
0x000000000c907000 	/System/Library/CoreServices/RawCamera.bundle/Contents/MacOS/RawCamera
0x000000000c907000 	/System/Library/PrivateFrameworks/MobileAsset.framework/Versions/A/MobileAsset
0x000000000c907000 	/System/Library/PrivateFrameworks/StreamingZip.framework/Versions/A/StreamingZip
0x000000000c907000 	/System/Library/Frameworks/MediaToolbox.framework/Versions/A/MediaToolbox
0x000000000c907000 	/System/Library/PrivateFrameworks/CoreAVCHD.framework/Versions/A/CoreAVCHD
0x000000000c907000 	/System/Library/Frameworks/MediaAccessibility.framework/Versions/A/MediaAccessibility
0x000000000c907000 	/System/Library/PrivateFrameworks/Mangrove.framework/Versions/A/Mangrove
0x000000000c907000 	/System/Library/Frameworks/CoreMedia.framework/Versions/A/CoreMedia
0x000000000c907000 	/System/Library/Frameworks/VideoToolbox.framework/Versions/A/VideoToolbox
0x000000000c907000 	/System/Library/PrivateFrameworks/CoreAUC.framework/Versions/A/CoreAUC
0x000000000c907000 	/usr/lib/libspindump.dylib
0x000000000c907000 	/usr/lib/libdscsym.dylib
0x000000000c907000 	/System/Library/PrivateFrameworks/AppleVA.framework/Versions/A/AppleVA
0x000000000c907000 	/System/Library/Frameworks/Accelerate.framework/Versions/A/Frameworks/vImage.framework/Versions/A/Libraries/libCGInterfaces.dylib
0x000000000c907000 	/System/Library/PrivateFrameworks/FamilyControls.framework/Versions/A/FamilyControls
0x000000000c907000 	/System/Library/PrivateFrameworks/CommerceKit.framework/Versions/A/Frameworks/CommerceCore.framework/Versions/A/CommerceCore
0x000000000c907000 	/System/Library/PrivateFrameworks/SystemAdministration.framework/Versions/A/SystemAdministration
0x000000000c907000 	/System/Library/PrivateFrameworks/AppContainer.framework/Versions/A/AppContainer
0x000000000c907000 	/System/Library/PrivateFrameworks/SecCodeWrapper.framework/Versions/A/SecCodeWrapper
0x000000000c907000 	/System/Library/PrivateFrameworks/DiskManagement.framework/Versions/A/DiskManagement
0x000000000c907000 	/System/Library/Frameworks/DirectoryService.framework/Versions/A/DirectoryService
0x000000000c907000 	/System/Library/PrivateFrameworks/DiskImages.framework/Versions/A/DiskImages
0x000000000c907000 	/System/Library/PrivateFrameworks/LoginUIKit.framework/Versions/A/Frameworks/LoginUICore.framework/Versions/A/LoginUICore
0x000000000c907000 	/usr/lib/libCoreStorage.dylib
0x000000000c907000 	/usr/lib/libcsfde.dylib
0x000000000c907000 	/usr/lib/libodfde.dylib
0x000000000c907000 	/System/Library/PrivateFrameworks/MediaKit.framework/Versions/A/MediaKit
0x000000000c907000 	/System/Library/Frameworks/DiscRecording.framework/Versions/A/DiscRecording
0x000000000c907000 	/System/Library/PrivateFrameworks/EFILogin.framework/Versions/A/EFILogin
0x000000000c907000 	/System/Library/PrivateFrameworks/ProtectedCloudStorage.framework/Versions/A/ProtectedCloudStorage
0x000000000c907000 	/usr/lib/libcurl.4.dylib
0x000000000c907000 	/usr/lib/libssl.35.dylib
0x000000000c907000 	/System/Library/Frameworks/LDAP.framework/Versions/A/LDAP
0x000000000c907000 	/usr/lib/libsasl2.2.dylib
0x000000000c907000 	/System/Library/PrivateFrameworks/CoreDaemon.framework/Versions/B/CoreDaemon
0x000000000c907000 	/System/Library/PrivateFrameworks/AppleSRP.framework/Versions/A/AppleSRP
0x000000000c907000 	/System/Library/Frameworks/ApplicationServices.framework/Versions/A/Frameworks/ATS.framework/Versions/A/Resources/libTrueTypeScaler.dylib
0x000000000c907000 	/System/Library/Extensions/AppleIntelHD5000GraphicsMTLDriver.bundle/Contents/MacOS/AppleIntelHD5000GraphicsMTLDriver
0x000000000c907000 	/System/Library/PrivateFrameworks/GPUCompiler.framework/Versions/3802/Libraries/libmetal_timestamp.dylib
0x00000001222bf000 	/Library/Java/JavaVirtualMachines/jdk1.8.0_51.jdk/Contents/Home/jre/lib/libnio.dylib
0x00000001223e2000 	/Library/Java/JavaVirtualMachines/jdk1.8.0_51.jdk/Contents/Home/jre/lib/./libnet.dylib
0x00000001223f9000 	/Library/Java/JavaVirtualMachines/jdk1.8.0_51.jdk/Contents/Home/jre/lib/libmanagement.dylib
0x0000000122406000 	/Library/Java/JavaVirtualMachines/jdk1.8.0_51.jdk/Contents/Home/jre/lib/libjavafx_iio.dylib
0x000000012243e000 	/Library/Java/JavaVirtualMachines/jdk1.8.0_51.jdk/Contents/Home/jre/lib/libjavafx_font.dylib
0x000000000c907000 	/System/Library/PrivateFrameworks/ViewBridge.framework/Versions/A/ViewBridge
0x000000000c907000 	/System/Library/PrivateFrameworks/Shortcut.framework/Versions/A/Shortcut
0x000000000c907000 	/System/Library/PrivateFrameworks/HelpData.framework/Versions/A/HelpData
0x00000001226d7000 	/Library/Java/JavaVirtualMachines/jdk1.8.0_51.jdk/Contents/Home/jre/lib/libprism_common.dylib
0x000000000c907000 	/System/Library/PrivateFrameworks/login.framework/Versions/A/login
0x000000012ab58000 	/Library/Java/JavaVirtualMachines/jdk1.8.0_51.jdk/Contents/Home/jre/lib/libjfxwebkit.dylib
0x0000000125189000 	/Library/Java/JavaVirtualMachines/jdk1.8.0_51.jdk/Contents/Home/jre/lib/libawt.dylib
0x000000012c99e000 	/Library/Java/JavaVirtualMachines/jdk1.8.0_51.jdk/Contents/Home/jre/lib/./libmlib_image.dylib
0x00000001261b2000 	/Library/Java/JavaVirtualMachines/jdk1.8.0_51.jdk/Contents/Home/jre/lib/libawt_lwawt.dylib
0x0000000124b04000 	/Library/Java/JavaVirtualMachines/jdk1.8.0_51.jdk/Contents/Home/jre/lib/./libosxapp.dylib
0x000000000c907000 	/System/Library/Frameworks/ExceptionHandling.framework/Versions/A/ExceptionHandling
0x0000000125c7b000 	/Library/Java/JavaVirtualMachines/jdk1.8.0_51.jdk/Contents/Home/jre/lib/libfontmanager.dylib

VM Arguments:
jvm_args: -Dfile.encoding=UTF-8 
java_command: /Users/jean/DevProjects/BilliardSoftware/BilliardScore/dist/run1199581837/BilliardScore.jar
java_class_path (initial): /Users/jean/DevProjects/BilliardSoftware/BilliardScore/dist/run1199581837/BilliardScore.jar
Launcher Type: SUN_STANDARD

Environment Variables:
PATH=/usr/bin:/bin:/usr/sbin:/sbin
LD_LIBRARY_PATH=/Library/Java/JavaVirtualMachines/jdk1.8.0_51.jdk/Contents/Home/jre/lib/amd64:/Library/Java/JavaVirtualMachines/jdk1.8.0_51.jdk/Contents/Home/jre/lib/i386:
SHELL=/bin/bash
DISPLAY=/private/tmp/com.apple.launchd.LRPKMt5pYr/org.macosforge.xquartz:0

Signal Handlers:
SIGSEGV: [libjvm.dylib+0x58ef35], sa_mask[0]=11111111011111110111111111111111, sa_flags=SA_ONSTACK|SA_RESTART|SA_SIGINFO
SIGBUS: [libjvm.dylib+0x58ef35], sa_mask[0]=11111111011111110111111111111111, sa_flags=SA_RESTART|SA_SIGINFO
SIGFPE: [libjvm.dylib+0x46c028], sa_mask[0]=11111111011111110111111111111111, sa_flags=SA_RESTART|SA_SIGINFO
SIGPIPE: [libjvm.dylib+0x46c028], sa_mask[0]=11111111011111110111111111111111, sa_flags=SA_RESTART|SA_SIGINFO
SIGXFSZ: [libjvm.dylib+0x46c028], sa_mask[0]=11111111011111110111111111111111, sa_flags=SA_RESTART|SA_SIGINFO
SIGILL: [libjvm.dylib+0x46c028], sa_mask[0]=11111111011111110111111111111111, sa_flags=SA_RESTART|SA_SIGINFO
SIGUSR1: SIG_DFL, sa_mask[0]=11011111011111100000000111000110, sa_flags=none
SIGUSR2: [libjvm.dylib+0x46bb46], sa_mask[0]=00100000000000000000000000000000, sa_flags=SA_RESTART|SA_SIGINFO
SIGHUP: [libjvm.dylib+0x46a119], sa_mask[0]=11111111011111110111111111111111, sa_flags=SA_RESTART|SA_SIGINFO
SIGINT: SIG_IGN, sa_mask[0]=00000000000000000000000000000000, sa_flags=none
SIGTERM: [libjvm.dylib+0x46a119], sa_mask[0]=11111111011111110111111111111111, sa_flags=SA_RESTART|SA_SIGINFO
SIGQUIT: [libjvm.dylib+0x46a119], sa_mask[0]=11111111011111110111111111111111, sa_flags=SA_RESTART|SA_SIGINFO


---------------  S Y S T E M  ---------------

OS:Bsduname:Darwin 17.3.0 Darwin Kernel Version 17.3.0: Thu Nov  9 18:09:22 PST 2017; root:xnu-4570.31.3~1/RELEASE_X86_64 x86_64
rlimit: STACK 8192k, CORE 0k, NPROC 1418, NOFILE 10240, AS infinity
load average:1.79 1.85 1.76

CPU:total 8 (4 cores per cpu, 2 threads per core) family 6 model 70 stepping 1, cmov, cx8, fxsr, mmx, sse, sse2, sse3, ssse3, sse4.1, sse4.2, popcnt, avx, avx2, aes, clmul, erms, lzcnt, ht, tsc, tscinvbit, bmi1, bmi2

Memory: 4k page, physical 16777216k(903940k free)

/proc/meminfo:


vm_info: Java HotSpot(TM) 64-Bit Server VM (25.51-b03) for bsd-amd64 JRE (1.8.0_51-b16), built on Jun  8 2015 18:01:11 by "java_re" with gcc 4.2.1 (Based on Apple Inc. build 5658) (LLVM build 2336.11.00)

time: Thu Jan 18 13:56:28 2018
elapsed time: 136 seconds (0d 0h 2m 16s)

